This file contains any messages produced by compilers while
running configure, to aid debugging if configure makes a mistake.

It was created by libpng configure 1.5.7, which was
generated by GNU Autoconf 2.68.  Invocation command line was

  $ FLASCC_SRC_DIR/libpng-1.5.7/configure --prefix=FLASCC_SRC_DIR/sdk/usr --disable-shared --build=x86_64-apple-darwin10 --host=avm2-unknown-freebsd8 --target=avm2-unknown-freebsd8 --disable-dependency-tracking

## --------- ##
## Platform. ##
## --------- ##

hostname = alexmac-air.local
uname -m = AVM2
uname -r = 8.2-RELEASE
uname -s = FreeBSD
uname -v = FreeBSD 8.2-RELEASE (compatible; Adobe Flascc 2.0)

/usr/bin/uname -p = i386
/bin/uname -X     = unknown

/bin/arch              = unknown
/usr/bin/arch -k       = unknown
/usr/convex/getsysinfo = unknown
/usr/bin/hostinfo      = Mach kernel version:
	 Darwin Kernel Version 12.0.0: Sun Jun 24 23:00:16 PDT 2012; root:xnu-2050.7.9~1/RELEASE_X86_64
Kernel configured for up to 4 processors.
2 processors are physically available.
4 processors are logically available.
Processor type: i486 (Intel 80486)
Processors active: 0 1 2 3
Primary memory available: 8.00 gigabytes
Default processor set: 122 tasks, 582 threads, 4 processors
Load average: 1.10, Mach factor: 2.89
/bin/machine           = unknown
/usr/bin/oslevel       = unknown
/bin/universe          = unknown

PATH: FLASCC_SRC_DIR/sdk/usr/bin
PATH: FLASCC_SRC_DIR/build/mac/ccachebin
PATH: /Users/alex/local/bin
PATH: /opt/local/bin
PATH: /opt/local/sbin
PATH: /usr/bin
PATH: /bin
PATH: /usr/sbin
PATH: /sbin
PATH: /usr/local/bin


## ----------- ##
## Core tests. ##
## ----------- ##

configure:2320: checking for a BSD-compatible install
configure:2388: result: /usr/bin/install -c
configure:2399: checking whether build environment is sane
configure:2449: result: yes
configure:2498: checking for avm2-unknown-freebsd8-strip
configure:2514: found FLASCC_SRC_DIR/sdk/usr/bin/avm2-unknown-freebsd8-strip
configure:2525: result: avm2-unknown-freebsd8-strip
configure:2590: checking for a thread-safe mkdir -p
configure:2629: result: FLASCC_SRC_DIR/libpng-1.5.7/install-sh -c -d
configure:2642: checking for gawk
configure:2672: result: no
configure:2642: checking for mawk
configure:2672: result: no
configure:2642: checking for nawk
configure:2672: result: no
configure:2642: checking for awk
configure:2658: found /usr/bin/awk
configure:2669: result: awk
configure:2680: checking whether make sets $(MAKE)
configure:2702: result: yes
configure:2783: checking whether to enable maintainer-specific portions of Makefiles
configure:2792: result: no
configure:2831: checking for avm2-unknown-freebsd8-gcc
configure:2858: result: gcc
configure:3127: checking for C compiler version
configure:3136: gcc --version >&5
gcc (GCC) 4.2.1 for Adobe AVM2 (Based on Apple Inc. build 5658) (LLVM build)
Copyright (C) 2007 Free Software Foundation, Inc.
This is free software; see the source for copying conditions.  There is NO
warranty; not even for MERCHANTABILITY or FITNESS FOR A PARTICULAR PURPOSE.

configure:3147: $? = 0
configure:3136: gcc -v >&5
Using built-in specs.
Target: avm2-unknown-freebsd8
Configured with: FLASCC_SRC_DIR/llvm-gcc-4.2-2.9/configure --enable-languages=c,c++,objc,obj-c++ --enable-llvm=FLASCC_SRC_DIR/build/mac/llvm-install/ --disable-bootstrap --disable-multilib --disable-libada --enable-sjlj-exceptions --disable-shared --program-prefix= --prefix=FLASCC_SRC_DIR/sdk/usr --with-sysroot= --with-build-sysroot=FLASCC_SRC_DIR/sdk/ --build=x86_64-apple-darwin10 --host=x86_64-apple-darwin10 --target=avm2-unknown-freebsd8
Thread model: posix
gcc version 4.2.1 for Adobe AVM2 (Based on Apple Inc. build 5658) (LLVM build)
configure:3147: $? = 0
configure:3136: gcc -V >&5
gcc: '-V' option must have argument
configure:3147: $? = 1
configure:3136: gcc -qversion >&5
gcc: no input files
configure:3147: $? = 1
configure:3167: checking whether the C compiler works
configure:3189: gcc -O4   conftest.c  >&5
configure:3193: $? = 0
configure:3241: result: yes
configure:3244: checking for C compiler default output file name
configure:3246: result: a.out
configure:3252: checking for suffix of executables
configure:3259: gcc -o conftest -O4   conftest.c  >&5
configure:3263: $? = 0
configure:3285: result: 
configure:3307: checking whether we are cross compiling
configure:3345: result: yes
configure:3350: checking for suffix of object files
configure:3372: gcc -c -O4  conftest.c >&5
configure:3376: $? = 0
configure:3397: result: o
configure:3401: checking whether we are using the GNU C compiler
configure:3420: gcc -c -O4  conftest.c >&5
configure:3420: $? = 0
configure:3429: result: yes
configure:3438: checking whether gcc accepts -g
configure:3458: gcc -c -g  conftest.c >&5
configure:3458: $? = 0
configure:3499: result: yes
configure:3516: checking for gcc option to accept ISO C89
configure:3580: gcc  -c -O4  conftest.c >&5
configure:3580: $? = 0
configure:3593: result: none needed
configure:3624: checking for style of include used by make
configure:3652: result: GNU
configure:3677: checking dependency style of gcc
configure:3787: result: none
configure:3811: checking dependency style of gcc
configure:3919: result: none
configure:3938: checking build system type
configure:3952: result: x86_64-apple-darwin10
configure:3972: checking host system type
configure:3985: result: avm2-unknown-freebsd8
configure:4005: checking for a sed that does not truncate output
configure:4069: result: /usr/bin/sed
configure:4087: checking for grep that handles long lines and -e
configure:4145: result: /usr/bin/grep
configure:4150: checking for egrep
configure:4212: result: /usr/bin/grep -E
configure:4217: checking for fgrep
configure:4279: result: /usr/bin/grep -F
configure:4306: checking how to print strings
configure:4333: result: printf
configure:4366: checking for ld used by gcc
configure:4433: result: FLASCC_SRC_DIR/sdk/usr/platform/darwin/bin/ld
configure:4440: checking if the linker (FLASCC_SRC_DIR/sdk/usr/platform/darwin/bin/ld) is GNU ld
configure:4455: result: yes
configure:4472: checking how to run the C preprocessor
configure:4503: gcc -E  conftest.c
configure:4503: $? = 0
configure:4517: gcc -E  conftest.c
conftest.c:11:28: error: ac_nonexistent.h: No such file or directory
configure:4517: $? = 1
configure: failed program was:
| /* confdefs.h */
| #define PACKAGE_NAME "libpng"
| #define PACKAGE_TARNAME "libpng"
| #define PACKAGE_VERSION "1.5.7"
| #define PACKAGE_STRING "libpng 1.5.7"
| #define PACKAGE_BUGREPORT "png-mng-implement@lists.sourceforge.net"
| #define PACKAGE_URL ""
| #define PACKAGE "libpng"
| #define VERSION "1.5.7"
| /* end confdefs.h.  */
| #include <ac_nonexistent.h>
configure:4542: result: gcc -E
configure:4562: gcc -E  conftest.c
configure:4562: $? = 0
configure:4576: gcc -E  conftest.c
conftest.c:11:28: error: ac_nonexistent.h: No such file or directory
configure:4576: $? = 1
configure: failed program was:
| /* confdefs.h */
| #define PACKAGE_NAME "libpng"
| #define PACKAGE_TARNAME "libpng"
| #define PACKAGE_VERSION "1.5.7"
| #define PACKAGE_STRING "libpng 1.5.7"
| #define PACKAGE_BUGREPORT "png-mng-implement@lists.sourceforge.net"
| #define PACKAGE_URL ""
| #define PACKAGE "libpng"
| #define VERSION "1.5.7"
| /* end confdefs.h.  */
| #include <ac_nonexistent.h>
configure:4607: checking for avm2-unknown-freebsd8-sed
configure:4634: result: /usr/bin/sed
configure:4699: checking for avm2-unknown-freebsd8-awk
configure:4726: result: awk
configure:4789: checking whether ln -s works
configure:4793: result: yes
configure:4800: checking whether make sets $(MAKE)
configure:4822: result: yes
configure:4873: checking for BSD- or MS-compatible name lister (nm)
configure:4922: result: FLASCC_SRC_DIR/sdk/usr/bin/avm2-unknown-freebsd8-nm -B
configure:5052: checking the name lister (FLASCC_SRC_DIR/sdk/usr/bin/avm2-unknown-freebsd8-nm -B) interface
configure:5059: gcc -c -O4  conftest.c >&5
configure:5062: FLASCC_SRC_DIR/sdk/usr/bin/avm2-unknown-freebsd8-nm -B "conftest.o"
configure:5065: output
00000000 T _some_variable
configure:5072: result: BSD nm
configure:5076: checking the maximum length of command line arguments
configure:5206: result: 196608
configure:5223: checking whether the shell understands some XSI constructs
configure:5233: result: yes
configure:5237: checking whether the shell understands "+="
configure:5243: result: yes
configure:5278: checking how to convert x86_64-apple-darwin10 file names to avm2-unknown-freebsd8 format
configure:5318: result: func_convert_file_noop
configure:5325: checking how to convert x86_64-apple-darwin10 file names to toolchain format
configure:5345: result: func_convert_file_noop
configure:5352: checking for FLASCC_SRC_DIR/sdk/usr/platform/darwin/bin/ld option to reload object files
configure:5359: result: -r
configure:5393: checking for avm2-unknown-freebsd8-objdump
configure:5423: result: no
configure:5433: checking for objdump
configure:5463: result: no
configure:5489: checking how to recognize dependent libraries
configure:5691: result: pass_all
configure:5736: checking for avm2-unknown-freebsd8-dlltool
configure:5766: result: no
configure:5776: checking for dlltool
configure:5806: result: no
configure:5833: checking how to associate runtime and link libraries
configure:5860: result: printf %s\n
configure:5877: checking for avm2-unknown-freebsd8-ar
configure:5893: found FLASCC_SRC_DIR/sdk/usr/bin/avm2-unknown-freebsd8-ar
configure:5904: result: avm2-unknown-freebsd8-ar
configure:5985: checking for archiver @FILE support
configure:6002: gcc -c -O4  conftest.c >&5
configure:6002: $? = 0
configure:6005: avm2-unknown-freebsd8-ar cru libconftest.a @conftest.lst >&5
configure:6008: $? = 0
configure:6013: avm2-unknown-freebsd8-ar cru libconftest.a @conftest.lst >&5
avm2-unknown-freebsd8-ar: conftest.o: No such file or directory
configure:6016: $? = 1
configure:6028: result: @
configure:6046: checking for avm2-unknown-freebsd8-strip
configure:6073: result: avm2-unknown-freebsd8-strip
configure:6145: checking for avm2-unknown-freebsd8-ranlib
configure:6161: found FLASCC_SRC_DIR/sdk/usr/bin/avm2-unknown-freebsd8-ranlib
configure:6172: result: avm2-unknown-freebsd8-ranlib
configure:6314: checking command to parse FLASCC_SRC_DIR/sdk/usr/bin/avm2-unknown-freebsd8-nm -B output from gcc object
configure:6434: gcc -c -O4  conftest.c >&5
configure:6437: $? = 0
configure:6441: FLASCC_SRC_DIR/sdk/usr/bin/avm2-unknown-freebsd8-nm -B conftest.o \| sed -n -e 's/^.*[ ]\([ABCDGIRSTW][ABCDGIRSTW]*\)[ ][ ]*\([_A-Za-z][_A-Za-z0-9]*\)$/\1 \2 \2/p' | sed '/ __gnu_lto/d' \> conftest.nm
configure:6444: $? = 0
cannot find nm_test_var in conftest.nm
configure:6434: gcc -c -O4  conftest.c >&5
configure:6437: $? = 0
configure:6441: FLASCC_SRC_DIR/sdk/usr/bin/avm2-unknown-freebsd8-nm -B conftest.o \| sed -n -e 's/^.*[ ]\([ABCDGIRSTW][ABCDGIRSTW]*\)[ ][ ]*_\([_A-Za-z][_A-Za-z0-9]*\)$/\1 _\2 \2/p' | sed '/ __gnu_lto/d' \> conftest.nm
configure:6444: $? = 0
configure:6510: gcc -o conftest -O4   conftest.c conftstm.o >&5
configure:6513: $? = 0
configure:6551: result: ok
configure:6588: checking for sysroot
configure:6618: result: no
configure:6834: checking for avm2-unknown-freebsd8-mt
configure:6864: result: no
configure:6874: checking for mt
configure:6904: result: no
configure:6924: checking if : is a manifest tool
configure:6930: : '-?'
configure:6938: result: no
configure:7576: checking for ANSI C header files
configure:7596: gcc -c -O4  conftest.c >&5
configure:7596: $? = 0
configure:7680: result: yes
configure:7693: checking for sys/types.h
configure:7693: gcc -c -O4  conftest.c >&5
configure:7693: $? = 0
configure:7693: result: yes
configure:7693: checking for sys/stat.h
configure:7693: gcc -c -O4  conftest.c >&5
configure:7693: $? = 0
configure:7693: result: yes
configure:7693: checking for stdlib.h
configure:7693: gcc -c -O4  conftest.c >&5
configure:7693: $? = 0
configure:7693: result: yes
configure:7693: checking for string.h
configure:7693: gcc -c -O4  conftest.c >&5
configure:7693: $? = 0
configure:7693: result: yes
configure:7693: checking for memory.h
configure:7693: gcc -c -O4  conftest.c >&5
configure:7693: $? = 0
configure:7693: result: yes
configure:7693: checking for strings.h
configure:7693: gcc -c -O4  conftest.c >&5
configure:7693: $? = 0
configure:7693: result: yes
configure:7693: checking for inttypes.h
configure:7693: gcc -c -O4  conftest.c >&5
configure:7693: $? = 0
configure:7693: result: yes
configure:7693: checking for stdint.h
configure:7693: gcc -c -O4  conftest.c >&5
configure:7693: $? = 0
configure:7693: result: yes
configure:7693: checking for unistd.h
configure:7693: gcc -c -O4  conftest.c >&5
configure:7693: $? = 0
configure:7693: result: yes
configure:7707: checking for dlfcn.h
configure:7707: gcc -c -O4  conftest.c >&5
configure:7707: $? = 0
configure:7707: result: yes
configure:8211: checking for objdir
configure:8226: result: .libs
configure:8493: checking if gcc supports -fno-rtti -fno-exceptions
configure:8511: gcc -c -O4  -fno-rtti -fno-exceptions conftest.c >&5
cc1: warning: command line option "-fno-rtti" is valid for C++/ObjC++ but not for C
configure:8515: $? = 0
configure:8528: result: no
configure:8855: checking for gcc option to produce PIC
configure:8862: result: -fPIC -DPIC
configure:8870: checking if gcc PIC flag -fPIC -DPIC works
configure:8888: gcc -c -O4  -fPIC -DPIC -DPIC conftest.c >&5
configure:8892: $? = 0
configure:8905: result: yes
configure:8934: checking if gcc static flag -static works
configure:8962: result: yes
configure:8977: checking if gcc supports -c -o file.o
configure:8998: gcc -c -O4  -o out/conftest2.o conftest.c >&5
configure:9002: $? = 0
configure:9024: result: yes
configure:9032: checking if gcc supports -c -o file.o
configure:9079: result: yes
configure:9112: checking whether the gcc linker (FLASCC_SRC_DIR/sdk/usr/platform/darwin/bin/ld) supports shared libraries
configure:10265: result: yes
configure:10505: checking dynamic linker characteristics
configure:11238: result: freebsd8 ld.so
configure:11345: checking how to hardcode library paths into programs
configure:11370: result: immediate
configure:11910: checking whether stripping libraries is possible
configure:11915: result: yes
configure:11950: checking if libtool supports shared libraries
configure:11952: result: yes
configure:11955: checking whether to build shared libraries
configure:11976: result: no
configure:11979: checking whether to build static libraries
configure:11983: result: yes
configure:12025: checking for a C preprocessor that does not parse its input
configure:12031: gcc -E  conftest.c
configure:12031: $? = 0
configure:12051: result: gcc -E
configure:12062: checking for ANSI C header files
configure:12166: result: yes
configure:12177: checking malloc.h usability
configure:12177: gcc -c -O4  conftest.c >&5
In file included from conftest.c:57:
FLASCC_SRC_DIR/sdk/usr/platform/darwin/bin/../../usr/include/malloc.h:3:2: error: #error "<malloc.h> has been replaced by <stdlib.h>"
configure:12177: $? = 1
configure: failed program was:
| /* confdefs.h */
| #define PACKAGE_NAME "libpng"
| #define PACKAGE_TARNAME "libpng"
| #define PACKAGE_VERSION "1.5.7"
| #define PACKAGE_STRING "libpng 1.5.7"
| #define PACKAGE_BUGREPORT "png-mng-implement@lists.sourceforge.net"
| #define PACKAGE_URL ""
| #define PACKAGE "libpng"
| #define VERSION "1.5.7"
| #define STDC_HEADERS 1
| #define HAVE_SYS_TYPES_H 1
| #define HAVE_SYS_STAT_H 1
| #define HAVE_STDLIB_H 1
| #define HAVE_STRING_H 1
| #define HAVE_MEMORY_H 1
| #define HAVE_STRINGS_H 1
| #define HAVE_INTTYPES_H 1
| #define HAVE_STDINT_H 1
| #define HAVE_UNISTD_H 1
| #define HAVE_DLFCN_H 1
| #define LT_OBJDIR ".libs/"
| #define STDC_HEADERS 1
| /* end confdefs.h.  */
| #include <stdio.h>
| #ifdef HAVE_SYS_TYPES_H
| # include <sys/types.h>
| #endif
| #ifdef HAVE_SYS_STAT_H
| # include <sys/stat.h>
| #endif
| #ifdef STDC_HEADERS
| # include <stdlib.h>
| # include <stddef.h>
| #else
| # ifdef HAVE_STDLIB_H
| #  include <stdlib.h>
| # endif
| #endif
| #ifdef HAVE_STRING_H
| # if !defined STDC_HEADERS && defined HAVE_MEMORY_H
| #  include <memory.h>
| # endif
| # include <string.h>
| #endif
| #ifdef HAVE_STRINGS_H
| # include <strings.h>
| #endif
| #ifdef HAVE_INTTYPES_H
| # include <inttypes.h>
| #endif
| #ifdef HAVE_STDINT_H
| # include <stdint.h>
| #endif
| #ifdef HAVE_UNISTD_H
| # include <unistd.h>
| #endif
| #include <malloc.h>
configure:12177: result: no
configure:12177: checking malloc.h presence
configure:12177: gcc -E  conftest.c
In file included from conftest.c:24:
FLASCC_SRC_DIR/sdk/usr/platform/darwin/bin/../../usr/include/malloc.h:3:2: error: #error "<malloc.h> has been replaced by <stdlib.h>"
configure:12177: $? = 1
configure: failed program was:
| /* confdefs.h */
| #define PACKAGE_NAME "libpng"
| #define PACKAGE_TARNAME "libpng"
| #define PACKAGE_VERSION "1.5.7"
| #define PACKAGE_STRING "libpng 1.5.7"
| #define PACKAGE_BUGREPORT "png-mng-implement@lists.sourceforge.net"
| #define PACKAGE_URL ""
| #define PACKAGE "libpng"
| #define VERSION "1.5.7"
| #define STDC_HEADERS 1
| #define HAVE_SYS_TYPES_H 1
| #define HAVE_SYS_STAT_H 1
| #define HAVE_STDLIB_H 1
| #define HAVE_STRING_H 1
| #define HAVE_MEMORY_H 1
| #define HAVE_STRINGS_H 1
| #define HAVE_INTTYPES_H 1
| #define HAVE_STDINT_H 1
| #define HAVE_UNISTD_H 1
| #define HAVE_DLFCN_H 1
| #define LT_OBJDIR ".libs/"
| #define STDC_HEADERS 1
| /* end confdefs.h.  */
| #include <malloc.h>
configure:12177: result: no
configure:12177: checking for malloc.h
configure:12177: result: no
configure:12177: checking for stdlib.h
configure:12177: result: yes
configure:12177: checking for string.h
configure:12177: result: yes
configure:12177: checking for strings.h
configure:12177: result: yes
configure:12189: checking for an ANSI C-conforming const
configure:12254: gcc -c -O4  conftest.c >&5
configure:12254: $? = 0
configure:12261: result: yes
configure:12269: checking for size_t
configure:12269: gcc -c -O4  conftest.c >&5
configure:12269: $? = 0
configure:12269: gcc -c -O4  conftest.c >&5
conftest.c: In function 'main':
conftest.c:63: error: expected expression before ')' token
configure:12269: $? = 1
configure: failed program was:
| /* confdefs.h */
| #define PACKAGE_NAME "libpng"
| #define PACKAGE_TARNAME "libpng"
| #define PACKAGE_VERSION "1.5.7"
| #define PACKAGE_STRING "libpng 1.5.7"
| #define PACKAGE_BUGREPORT "png-mng-implement@lists.sourceforge.net"
| #define PACKAGE_URL ""
| #define PACKAGE "libpng"
| #define VERSION "1.5.7"
| #define STDC_HEADERS 1
| #define HAVE_SYS_TYPES_H 1
| #define HAVE_SYS_STAT_H 1
| #define HAVE_STDLIB_H 1
| #define HAVE_STRING_H 1
| #define HAVE_MEMORY_H 1
| #define HAVE_STRINGS_H 1
| #define HAVE_INTTYPES_H 1
| #define HAVE_STDINT_H 1
| #define HAVE_UNISTD_H 1
| #define HAVE_DLFCN_H 1
| #define LT_OBJDIR ".libs/"
| #define STDC_HEADERS 1
| #define HAVE_STDLIB_H 1
| #define HAVE_STRING_H 1
| #define HAVE_STRINGS_H 1
| /* end confdefs.h.  */
| #include <stdio.h>
| #ifdef HAVE_SYS_TYPES_H
| # include <sys/types.h>
| #endif
| #ifdef HAVE_SYS_STAT_H
| # include <sys/stat.h>
| #endif
| #ifdef STDC_HEADERS
| # include <stdlib.h>
| # include <stddef.h>
| #else
| # ifdef HAVE_STDLIB_H
| #  include <stdlib.h>
| # endif
| #endif
| #ifdef HAVE_STRING_H
| # if !defined STDC_HEADERS && defined HAVE_MEMORY_H
| #  include <memory.h>
| # endif
| # include <string.h>
| #endif
| #ifdef HAVE_STRINGS_H
| # include <strings.h>
| #endif
| #ifdef HAVE_INTTYPES_H
| # include <inttypes.h>
| #endif
| #ifdef HAVE_STDINT_H
| # include <stdint.h>
| #endif
| #ifdef HAVE_UNISTD_H
| # include <unistd.h>
| #endif
| int
| main ()
| {
| if (sizeof ((size_t)))
| 	    return 0;
|   ;
|   return 0;
| }
configure:12269: result: yes
configure:12280: checking whether struct tm is in sys/time.h or time.h
configure:12300: gcc -c -O4  conftest.c >&5
configure:12300: $? = 0
configure:12307: result: time.h
configure:12315: checking for C/C++ restrict keyword
configure:12340: gcc -c -O4  conftest.c >&5
configure:12340: $? = 0
configure:12348: result: __restrict
configure:12363: checking for working strtod
configure:12414: result: no
configure:12423: checking for pow
configure:12423: gcc -o conftest -O4   conftest.c  >&5
conftest.c:51: warning: conflicting types for built-in function 'pow'
configure:12423: $? = 0
configure:12423: result: yes
configure:12478: checking for memset
configure:12478: gcc -o conftest -O4   conftest.c  >&5
conftest.c:51: warning: conflicting types for built-in function 'memset'
configure:12478: $? = 0
configure:12478: result: yes
configure:12491: checking for pow
configure:12491: result: yes
configure:12556: checking for zlibVersion in -lz
configure:12581: gcc -o conftest -O4   conftest.c -lz   >&5
configure:12581: $? = 0
configure:12590: result: yes
configure:12655: checking for feenableexcept in -lm
configure:12680: gcc -o conftest -O4   conftest.c -lm  -lz  >&5
/var/folders/hm/ty_1kgz51ds69dgbm_rl7lzc0000gn/T//ccFJOQ6x.o: error: undefined reference to '_feenableexcept'
collect2: ld returned 1 exit status
configure:12680: $? = 1
configure: failed program was:
| /* confdefs.h */
| #define PACKAGE_NAME "libpng"
| #define PACKAGE_TARNAME "libpng"
| #define PACKAGE_VERSION "1.5.7"
| #define PACKAGE_STRING "libpng 1.5.7"
| #define PACKAGE_BUGREPORT "png-mng-implement@lists.sourceforge.net"
| #define PACKAGE_URL ""
| #define PACKAGE "libpng"
| #define VERSION "1.5.7"
| #define STDC_HEADERS 1
| #define HAVE_SYS_TYPES_H 1
| #define HAVE_SYS_STAT_H 1
| #define HAVE_STDLIB_H 1
| #define HAVE_STRING_H 1
| #define HAVE_MEMORY_H 1
| #define HAVE_STRINGS_H 1
| #define HAVE_INTTYPES_H 1
| #define HAVE_STDINT_H 1
| #define HAVE_UNISTD_H 1
| #define HAVE_DLFCN_H 1
| #define LT_OBJDIR ".libs/"
| #define STDC_HEADERS 1
| #define HAVE_STDLIB_H 1
| #define HAVE_STRING_H 1
| #define HAVE_STRINGS_H 1
| #define restrict __restrict
| #define HAVE_MEMSET 1
| #define HAVE_POW 1
| #define HAVE_LIBZ 1
| /* end confdefs.h.  */
| 
| /* Override any GCC internal prototype to avoid an error.
|    Use char because int might match the return type of a GCC
|    builtin and then its argument prototype would still apply.  */
| #ifdef __cplusplus
| extern "C"
| #endif
| char feenableexcept ();
| int
| main ()
| {
| return feenableexcept ();
|   ;
|   return 0;
| }
configure:12689: result: no
configure:12702: checking for feenableexcept
configure:12702: gcc -o conftest -O4   conftest.c -lz  >&5
/var/folders/hm/ty_1kgz51ds69dgbm_rl7lzc0000gn/T//ccHBHTiJ.o: error: undefined reference to '_feenableexcept'
collect2: ld returned 1 exit status
configure:12702: $? = 1
configure: failed program was:
| /* confdefs.h */
| #define PACKAGE_NAME "libpng"
| #define PACKAGE_TARNAME "libpng"
| #define PACKAGE_VERSION "1.5.7"
| #define PACKAGE_STRING "libpng 1.5.7"
| #define PACKAGE_BUGREPORT "png-mng-implement@lists.sourceforge.net"
| #define PACKAGE_URL ""
| #define PACKAGE "libpng"
| #define VERSION "1.5.7"
| #define STDC_HEADERS 1
| #define HAVE_SYS_TYPES_H 1
| #define HAVE_SYS_STAT_H 1
| #define HAVE_STDLIB_H 1
| #define HAVE_STRING_H 1
| #define HAVE_MEMORY_H 1
| #define HAVE_STRINGS_H 1
| #define HAVE_INTTYPES_H 1
| #define HAVE_STDINT_H 1
| #define HAVE_UNISTD_H 1
| #define HAVE_DLFCN_H 1
| #define LT_OBJDIR ".libs/"
| #define STDC_HEADERS 1
| #define HAVE_STDLIB_H 1
| #define HAVE_STRING_H 1
| #define HAVE_STRINGS_H 1
| #define restrict __restrict
| #define HAVE_MEMSET 1
| #define HAVE_POW 1
| #define HAVE_LIBZ 1
| /* end confdefs.h.  */
| /* Define feenableexcept to an innocuous variant, in case <limits.h> declares feenableexcept.
|    For example, HP-UX 11i <limits.h> declares gettimeofday.  */
| #define feenableexcept innocuous_feenableexcept
| 
| /* System header to define __stub macros and hopefully few prototypes,
|     which can conflict with char feenableexcept (); below.
|     Prefer <limits.h> to <assert.h> if __STDC__ is defined, since
|     <limits.h> exists even on freestanding compilers.  */
| 
| #ifdef __STDC__
| # include <limits.h>
| #else
| # include <assert.h>
| #endif
| 
| #undef feenableexcept
| 
| /* Override any GCC internal prototype to avoid an error.
|    Use char because int might match the return type of a GCC
|    builtin and then its argument prototype would still apply.  */
| #ifdef __cplusplus
| extern "C"
| #endif
| char feenableexcept ();
| /* The GNU C library defines this for functions which it implements
|     to always fail with ENOSYS.  Some functions are actually named
|     something starting with __ and the normal name is an alias.  */
| #if defined __stub_feenableexcept || defined __stub___feenableexcept
| choke me
| #endif
| 
| int
| main ()
| {
| return feenableexcept ();
|   ;
|   return 0;
| }
configure:12702: result: no
configure:12716: checking if libraries can be versioned
configure:12719: checking if using Solaris linker
configure:12728: result: no
configure:12759: result: yes
configure:12781: checking for symbol prefix
configure:12788: result: 
configure:12810: pkgconfig directory is ${libdir}/pkgconfig
configure:13013: creating ./config.status

## ---------------------- ##
## Running config.status. ##
## ---------------------- ##

This file was extended by libpng config.status 1.5.7, which was
generated by GNU Autoconf 2.68.  Invocation command line was

  CONFIG_FILES    = 
  CONFIG_HEADERS  = 
  CONFIG_LINKS    = 
  CONFIG_COMMANDS = 
  $ ./config.status 

on alexmac-air.local

config.status:1121: creating Makefile
config.status:1121: creating libpng.pc
config.status:1121: creating libpng-config
config.status:1121: creating config.h
config.status:1335: executing depfiles commands
config.status:1335: executing libtool commands

## ---------------- ##
## Cache variables. ##
## ---------------- ##

ac_cv_build=x86_64-apple-darwin10
ac_cv_c_compiler_gnu=yes
ac_cv_c_const=yes
ac_cv_c_restrict=__restrict
ac_cv_env_CCASFLAGS_set=
ac_cv_env_CCASFLAGS_value=
ac_cv_env_CCAS_set=
ac_cv_env_CCAS_value=
ac_cv_env_CC_set=set
ac_cv_env_CC_value=gcc
ac_cv_env_CFLAGS_set=set
ac_cv_env_CFLAGS_value=-O4
ac_cv_env_CPPFLAGS_set=
ac_cv_env_CPPFLAGS_value=
ac_cv_env_CPP_set=
ac_cv_env_CPP_value=
ac_cv_env_LDFLAGS_set=
ac_cv_env_LDFLAGS_value=
ac_cv_env_LIBS_set=
ac_cv_env_LIBS_value=
ac_cv_env_build_alias_set=set
ac_cv_env_build_alias_value=x86_64-apple-darwin10
ac_cv_env_host_alias_set=set
ac_cv_env_host_alias_value=avm2-unknown-freebsd8
ac_cv_env_target_alias_set=set
ac_cv_env_target_alias_value=avm2-unknown-freebsd8
ac_cv_func_feenableexcept=no
ac_cv_func_memset=yes
ac_cv_func_pow=yes
ac_cv_func_strtod=no
ac_cv_header_dlfcn_h=yes
ac_cv_header_inttypes_h=yes
ac_cv_header_malloc_h=no
ac_cv_header_memory_h=yes
ac_cv_header_stdc=yes
ac_cv_header_stdint_h=yes
ac_cv_header_stdlib_h=yes
ac_cv_header_string_h=yes
ac_cv_header_strings_h=yes
ac_cv_header_sys_stat_h=yes
ac_cv_header_sys_types_h=yes
ac_cv_header_unistd_h=yes
ac_cv_host=avm2-unknown-freebsd8
ac_cv_lib_m_feenableexcept=no
ac_cv_lib_z_zlibVersion=yes
ac_cv_objext=o
ac_cv_path_EGREP='/usr/bin/grep -E'
ac_cv_path_FGREP='/usr/bin/grep -F'
ac_cv_path_GREP=/usr/bin/grep
ac_cv_path_SED=/usr/bin/sed
ac_cv_path_install='/usr/bin/install -c'
ac_cv_prog_AR=avm2-unknown-freebsd8-ar
ac_cv_prog_AWK=awk
ac_cv_prog_CC=gcc
ac_cv_prog_CPP='gcc -E'
ac_cv_prog_RANLIB=avm2-unknown-freebsd8-ranlib
ac_cv_prog_SED=/usr/bin/sed
ac_cv_prog_STRIP=avm2-unknown-freebsd8-strip
ac_cv_prog_cc_c89=
ac_cv_prog_cc_g=yes
ac_cv_prog_make_make_set=yes
ac_cv_struct_tm=time.h
ac_cv_type_size_t=yes
am_cv_CCAS_dependencies_compiler_type=none
am_cv_CC_dependencies_compiler_type=none
lt_cv_ar_at_file=@
lt_cv_deplibs_check_method=pass_all
lt_cv_file_magic_cmd='$MAGIC_CMD'
lt_cv_file_magic_test_file=
lt_cv_ld_reload_flag=-r
lt_cv_nm_interface='BSD nm'
lt_cv_objdir=.libs
lt_cv_path_LD=FLASCC_SRC_DIR/sdk/usr/platform/darwin/bin/ld
lt_cv_path_NM='FLASCC_SRC_DIR/sdk/usr/bin/avm2-unknown-freebsd8-nm -B'
lt_cv_path_mainfest_tool=no
lt_cv_prog_compiler_c_o=yes
lt_cv_prog_compiler_pic='-fPIC -DPIC'
lt_cv_prog_compiler_pic_works=yes
lt_cv_prog_compiler_rtti_exceptions=no
lt_cv_prog_compiler_static_works=yes
lt_cv_prog_gnu_ld=yes
lt_cv_sharedlib_from_linklib_cmd='printf %s\n'
lt_cv_sys_global_symbol_pipe='sed -n -e '\''s/^.*[	 ]\([ABCDGIRSTW][ABCDGIRSTW]*\)[	 ][	 ]*_\([_A-Za-z][_A-Za-z0-9]*\)$/\1 _\2 \2/p'\'' | sed '\''/ __gnu_lto/d'\'''
lt_cv_sys_global_symbol_to_c_name_address='sed -n -e '\''s/^: \([^ ]*\)[ ]*$/  {\"\1\", (void *) 0},/p'\'' -e '\''s/^[ABCDGIRSTW]* \([^ ]*\) \([^ ]*\)$/  {"\2", (void *) \&\2},/p'\'''
lt_cv_sys_global_symbol_to_c_name_address_lib_prefix='sed -n -e '\''s/^: \([^ ]*\)[ ]*$/  {\"\1\", (void *) 0},/p'\'' -e '\''s/^[ABCDGIRSTW]* \([^ ]*\) \(lib[^ ]*\)$/  {"\2", (void *) \&\2},/p'\'' -e '\''s/^[ABCDGIRSTW]* \([^ ]*\) \([^ ]*\)$/  {"lib\2", (void *) \&\2},/p'\'''
lt_cv_sys_global_symbol_to_cdecl='sed -n -e '\''s/^T .* \(.*\)$/extern int \1();/p'\'' -e '\''s/^[ABCDGIRSTW]* .* \(.*\)$/extern char \1;/p'\'''
lt_cv_sys_max_cmd_len=196608
lt_cv_to_host_file_cmd=func_convert_file_noop
lt_cv_to_tool_file_cmd=func_convert_file_noop

## ----------------- ##
## Output variables. ##
## ----------------- ##

ACLOCAL='${SHELL} FLASCC_SRC_DIR/libpng-1.5.7/missing --run aclocal-1.11'
AMDEPBACKSLASH=''
AMDEP_FALSE=''
AMDEP_TRUE='#'
AMTAR='${SHELL} FLASCC_SRC_DIR/libpng-1.5.7/missing --run tar'
AM_CCASFLAGS='-Wa,--noexecstack'
AR='avm2-unknown-freebsd8-ar'
AS='as'
AUTOCONF='${SHELL} FLASCC_SRC_DIR/libpng-1.5.7/missing --run autoconf'
AUTOHEADER='${SHELL} FLASCC_SRC_DIR/libpng-1.5.7/missing --run autoheader'
AUTOMAKE='${SHELL} FLASCC_SRC_DIR/libpng-1.5.7/missing --run automake-1.11'
AWK='awk'
CC='gcc'
CCAS='gcc'
CCASDEPMODE='depmode=none'
CCASFLAGS='-O4'
CCDEPMODE='depmode=none'
CFLAGS='-O4'
CPP='gcc -E'
CPPFLAGS=''
CYGPATH_W='echo'
DEFS='-DHAVE_CONFIG_H'
DEPDIR='.deps'
DFNCPP='gcc -E'
DLLTOOL='false'
DSYMUTIL=''
DUMPBIN=''
ECHO_C='\c'
ECHO_N=''
ECHO_T=''
EGREP='/usr/bin/grep -E'
EXEEXT=''
FGREP='/usr/bin/grep -F'
GREP='/usr/bin/grep'
HAVE_LD_VERSION_SCRIPT_FALSE='#'
HAVE_LD_VERSION_SCRIPT_TRUE=''
HAVE_SOLARIS_LD_FALSE=''
HAVE_SOLARIS_LD_TRUE='#'
INSTALL_DATA='${INSTALL} -m 644'
INSTALL_PROGRAM='${INSTALL}'
INSTALL_SCRIPT='${INSTALL}'
INSTALL_STRIP_PROGRAM='$(install_sh) -c -s'
LD='FLASCC_SRC_DIR/sdk/usr/platform/darwin/bin/ld'
LDFLAGS=''
LIBOBJS=' ${LIBOBJDIR}strtod$U.o'
LIBPNG_DEFINES='-DPNG_CONFIGURE_LIBPNG'
LIBS='-lz '
LIBTOOL='$(SHELL) $(top_builddir)/libtool'
LIPO=''
LN_S='ln -s'
LTLIBOBJS=' ${LIBOBJDIR}strtod$U.lo'
MAINT='#'
MAINTAINER_MODE_FALSE=''
MAINTAINER_MODE_TRUE='#'
MAKEINFO='${SHELL} FLASCC_SRC_DIR/libpng-1.5.7/missing --run makeinfo'
MANIFEST_TOOL=':'
MKDIR_P='FLASCC_SRC_DIR/libpng-1.5.7/install-sh -c -d'
NM='FLASCC_SRC_DIR/sdk/usr/bin/avm2-unknown-freebsd8-nm -B'
NMEDIT=''
OBJDUMP='false'
OBJEXT='o'
OTOOL64=''
OTOOL=''
PACKAGE='libpng'
PACKAGE_BUGREPORT='png-mng-implement@lists.sourceforge.net'
PACKAGE_NAME='libpng'
PACKAGE_STRING='libpng 1.5.7'
PACKAGE_TARNAME='libpng'
PACKAGE_URL=''
PACKAGE_VERSION='1.5.7'
PATH_SEPARATOR=':'
PNGLIB_MAJOR='1'
PNGLIB_MINOR='5'
PNGLIB_RELEASE='7'
PNGLIB_VERSION='1.5.7'
PNG_ARM_NEON_FALSE=''
PNG_ARM_NEON_TRUE='#'
POW_LIB=''
RANLIB='avm2-unknown-freebsd8-ranlib'
SED='/usr/bin/sed'
SET_MAKE=''
SHELL='/bin/sh'
STRIP='avm2-unknown-freebsd8-strip'
SYMBOL_PREFIX=''
VERSION='1.5.7'
ac_ct_AR=''
ac_ct_CC=''
ac_ct_DUMPBIN=''
am__EXEEXT_FALSE=''
am__EXEEXT_TRUE='#'
am__fastdepCCAS_FALSE=''
am__fastdepCCAS_TRUE='#'
am__fastdepCC_FALSE=''
am__fastdepCC_TRUE='#'
am__include='include'
am__isrc=' -I$(srcdir)'
am__leading_dot='.'
am__quote=''
am__tar='${AMTAR} chof - "$$tardir"'
am__untar='${AMTAR} xf -'
binconfigs='${binconfigs}'
bindir='${exec_prefix}/bin'
build='x86_64-apple-darwin10'
build_alias='x86_64-apple-darwin10'
build_cpu='x86_64'
build_os='darwin10'
build_vendor='apple'
datadir='${datarootdir}'
datarootdir='${prefix}/share'
docdir='${datarootdir}/doc/${PACKAGE_TARNAME}'
dvidir='${docdir}'
exec_prefix='${prefix}'
host='avm2-unknown-freebsd8'
host_alias='avm2-unknown-freebsd8'
host_cpu='avm2'
host_os='freebsd8'
host_vendor='unknown'
htmldir='${docdir}'
includedir='${prefix}/include'
infodir='${datarootdir}/info'
install_sh='${SHELL} FLASCC_SRC_DIR/libpng-1.5.7/install-sh'
libdir='${exec_prefix}/lib'
libexecdir='${exec_prefix}/libexec'
localedir='${datarootdir}/locale'
localstatedir='${prefix}/var'
mandir='${datarootdir}/man'
mkdir_p='FLASCC_SRC_DIR/libpng-1.5.7/install-sh -c -d'
oldincludedir='/usr/include'
pdfdir='${docdir}'
pkgconfigdir='${libdir}/pkgconfig'
prefix='FLASCC_SRC_DIR/sdk/usr'
program_transform_name='s,x,x,'
psdir='${docdir}'
sbindir='${exec_prefix}/sbin'
sharedstatedir='${prefix}/com'
sysconfdir='${prefix}/etc'
target_alias='avm2-unknown-freebsd8'

## ----------- ##
## confdefs.h. ##
## ----------- ##

/* confdefs.h */
#define PACKAGE_NAME "libpng"
#define PACKAGE_TARNAME "libpng"
#define PACKAGE_VERSION "1.5.7"
#define PACKAGE_STRING "libpng 1.5.7"
#define PACKAGE_BUGREPORT "png-mng-implement@lists.sourceforge.net"
#define PACKAGE_URL ""
#define PACKAGE "libpng"
#define VERSION "1.5.7"
#define STDC_HEADERS 1
#define HAVE_SYS_TYPES_H 1
#define HAVE_SYS_STAT_H 1
#define HAVE_STDLIB_H 1
#define HAVE_STRING_H 1
#define HAVE_MEMORY_H 1
#define HAVE_STRINGS_H 1
#define HAVE_INTTYPES_H 1
#define HAVE_STDINT_H 1
#define HAVE_UNISTD_H 1
#define HAVE_DLFCN_H 1
#define LT_OBJDIR ".libs/"
#define STDC_HEADERS 1
#define HAVE_STDLIB_H 1
#define HAVE_STRING_H 1
#define HAVE_STRINGS_H 1
#define restrict __restrict
#define HAVE_MEMSET 1
#define HAVE_POW 1
#define HAVE_LIBZ 1

configure: exit 0
