GNU gdb (GDB) 7.3
Copyright (C) 2011 Free Software Foundation, Inc.
License GPLv3+: GNU GPL version 3 or later <http://gnu.org/licenses/gpl.html>
This is free software: you are free to change and redistribute it.
There is NO WARRANTY, to the extent permitted by law.  Type "show copying"
and "show warranty" for details.
This GDB was configured as "--host=IGNORE --target=avm2-elf".
For bug reporting instructions, please see:
<http://www.gnu.org/software/gdb/bugs/>.
No symbol table is loaded.  Use the "file" command.
Breakpoint 1 (main) pending.
0xdddddddd in ?? ()

Breakpoint 1, INSTRUCTPT in main (argc=0, argv=0x200ff0) at call.c:66
66	    int s = 2;
67	    int t = 1;
No symbol table is loaded.  Use the "file" command.
Breakpoint 2 (square) pending.
0xdddddddd in ?? ()

Breakpoint 2, INSTRUCTPT in square (a=2) at helloWorld.c:15
15	    return a * a;
INSTRUCTPT in main (argc=0, argv=0x200ff0) at helloWorld.c:29
29	    printf("%d*%d=%d", s, s, square(s));
Kill the program being debugged? (y or n) [answered Y; input not from terminal]
