2012/06/18 13:54:52 Starting cygwin install, version 2.774
2012/06/18 13:54:52 User has backup/restore rights
2012/06/18 13:54:52 io_stream_cygfile: fopen(/etc/setup/setup.rc) failed 2 No such file or directory
2012/06/18 13:54:52 io_stream_cygfile: fopen(/etc/setup/last-cache) failed 2 No such file or directory
2012/06/18 13:54:52 io_stream_cygfile: fopen(/etc/setup/last-action) failed 2 No such file or directory
2012/06/18 13:54:52 io_stream_cygfile: fopen(/etc/setup/net-method) failed 2 No such file or directory
2012/06/18 13:54:52 io_stream_cygfile: fopen(/etc/setup/net-proxy-host) failed 2 No such file or directory
2012/06/18 13:54:52 io_stream_cygfile: fopen(/etc/setup/net-proxy-port) failed 2 No such file or directory
2012/06/18 13:54:52 io_stream_cygfile: fopen(/etc/setup/last-mirror) failed 2 No such file or directory
2012/06/18 13:54:52 io_stream_cygfile: fopen(/etc/setup/extrakeys) failed 2 No such file or directory
2012/06/18 13:54:52 io_stream_cygfile: fopen(/etc/setup/chooser_window_settings) failed 2 No such file or directory
2012/06/18 13:54:52 Current Directory: X:\p4\alcmain\cygwin
2012/06/18 13:54:52 Could not open service McShield for query, start and stop. McAfee may not be installed, or we don't have access.
2012/06/18 13:54:54 source: network install
2012/06/18 13:54:54 root: C:\cygwin binary system
2012/06/18 13:54:57 root: C:\cygwin binary system
2012/06/18 13:55:04 root: X:\p4\alcmain\cygwin\test binary system
2012/06/18 13:55:05 Selected local directory: X:\p4\alcmain\cygwin
2012/06/18 13:55:06 net: Direct
2012/06/18 13:55:06 io_stream_cygfile: fopen(/etc/setup/mirrors-lst) failed 2 No such file or directory
2012/06/18 13:55:08 site: http://cygwin.parentingamerica.com/
2012/06/18 13:55:10 io_stream_cygfile: fopen(/etc/setup/installed.db) failed 2 No such file or directory
2012/06/18 13:55:10 io_stream_cygfile: fopen(/etc/setup/timestamp) failed 2 No such file or directory
2012/06/18 13:55:10 io_stream_cygfile: fopen(/etc/setup/new-cygwin-version) failed 2 No such file or directory
2012/06/18 13:56:51 Adding required dependency binutils: Selecting version 2.22.51-2 for installation.
2012/06/18 13:56:51 Adding required dependency crypt: Selecting version 1.2-1 for installation.
2012/06/18 13:56:51 Adding required dependency libcloog0: Selecting version 0.15.7-1 for installation.
2012/06/18 13:56:51 Adding required dependency libdb4.5: Selecting version 4.5.20.2-3 for installation.
2012/06/18 13:56:51 Adding required dependency libexpat1: Selecting version 2.1.0-1 for installation.
2012/06/18 13:56:51 Adding required dependency libffi4: Selecting version 4.5.3-3 for installation.
2012/06/18 13:56:51 Adding required dependency libgdbm4: Selecting version 1.8.3-20 for installation.
2012/06/18 13:56:51 Adding required dependency libgmpxx4: Selecting version 4.3.2-1 for installation.
2012/06/18 13:56:51 Adding required dependency libgomp1: Selecting version 4.5.3-3 for installation.
2012/06/18 13:56:51 Adding required dependency libidn11: Selecting version 1.22-1 for installation.
2012/06/18 13:56:51 Adding required dependency libmpc1: Selecting version 0.8-1 for installation.
2012/06/18 13:56:51 Adding required dependency libmpfr1: Selecting version 2.4.1-4 for installation.
2012/06/18 13:56:51 Adding required dependency libmpfr4: Selecting version 3.0.1-1 for installation.
2012/06/18 13:56:51 Adding required dependency libopenssl098: Selecting version 0.9.8x-1 for installation.
2012/06/18 13:56:51 Adding required dependency libppl: Selecting version 0.10.2-1 for installation.
2012/06/18 13:56:51 Adding required dependency libsqlite3_0: Selecting version 3.7.12.1-1 for installation.
2012/06/18 13:56:51 Adding required dependency libssp0: Selecting version 4.5.3-3 for installation.
2012/06/18 13:56:51 Adding required dependency libstdc++6-devel: Selecting version 4.5.3-3 for installation.
2012/06/18 13:56:51 Adding required dependency w32api: Selecting version 3.17-2 for installation.
2012/06/18 13:56:51 Downloaded X:\p4\alcmain\cygwin/http%3a%2f%2fcygwin.parentingamerica.com%2f/release/_autorebase/_autorebase-000079-1.tar.bz2
2012/06/18 13:56:52 Downloaded X:\p4\alcmain\cygwin/http%3a%2f%2fcygwin.parentingamerica.com%2f/release/_update-info-dir/_update-info-dir-01052-1.tar.bz2
2012/06/18 13:56:52 Downloaded X:\p4\alcmain\cygwin/http%3a%2f%2fcygwin.parentingamerica.com%2f/release/alternatives/alternatives-1.3.30c-10.tar.bz2
2012/06/18 13:56:53 Downloaded X:\p4\alcmain\cygwin/http%3a%2f%2fcygwin.parentingamerica.com%2f/release/base-cygwin/base-cygwin-3.1-1.tar.bz2
2012/06/18 13:56:53 Downloaded X:\p4\alcmain\cygwin/http%3a%2f%2fcygwin.parentingamerica.com%2f/release/base-files/base-files-4.1-1.tar.bz2
2012/06/18 13:56:55 Downloaded X:\p4\alcmain\cygwin/http%3a%2f%2fcygwin.parentingamerica.com%2f/release/bash/bash-4.1.10-4.tar.bz2
2012/06/18 13:57:02 Downloaded X:\p4\alcmain\cygwin/http%3a%2f%2fcygwin.parentingamerica.com%2f/release/binutils/binutils-2.22.51-2.tar.bz2
2012/06/18 13:57:03 Downloaded X:\p4\alcmain\cygwin/http%3a%2f%2fcygwin.parentingamerica.com%2f/release/bzip2/bzip2-1.0.6-2.tar.bz2
2012/06/18 13:57:08 Downloaded X:\p4\alcmain\cygwin/http%3a%2f%2fcygwin.parentingamerica.com%2f/release/cmake/cmake-2.8.7-1.tar.bz2
2012/06/18 13:57:18 Downloaded X:\p4\alcmain\cygwin/http%3a%2f%2fcygwin.parentingamerica.com%2f/release/coreutils/coreutils-8.15-1.tar.bz2
2012/06/18 13:57:19 Downloaded X:\p4\alcmain\cygwin/http%3a%2f%2fcygwin.parentingamerica.com%2f/release/crypt/crypt-1.2-1.tar.bz2
2012/06/18 13:57:20 Downloaded X:\p4\alcmain\cygwin/http%3a%2f%2fcygwin.parentingamerica.com%2f/release/cygutils/cygutils-1.4.10-2.tar.bz2
2012/06/18 13:57:25 Downloaded X:\p4\alcmain\cygwin/http%3a%2f%2fcygwin.parentingamerica.com%2f/release/cygwin/cygwin-1.7.15-1.tar.bz2
2012/06/18 13:57:28 Downloaded X:\p4\alcmain\cygwin/http%3a%2f%2fcygwin.parentingamerica.com%2f/release/cygwin-doc/cygwin-doc-1.7-1.tar.bz2
2012/06/18 13:57:29 Downloaded X:\p4\alcmain\cygwin/http%3a%2f%2fcygwin.parentingamerica.com%2f/release/dash/dash-0.5.7-1.tar.bz2
2012/06/18 13:57:34 Downloaded X:\p4\alcmain\cygwin/http%3a%2f%2fcygwin.parentingamerica.com%2f/release/diffutils/diffutils-3.2-1.tar.bz2
2012/06/18 13:57:34 Downloaded X:\p4\alcmain\cygwin/http%3a%2f%2fcygwin.parentingamerica.com%2f/release/dos2unix/dos2unix-6.0-1.tar.bz2
2012/06/18 13:57:35 Downloaded X:\p4\alcmain\cygwin/http%3a%2f%2fcygwin.parentingamerica.com%2f/release/editrights/editrights-1.01-2.tar.bz2
2012/06/18 13:57:37 Downloaded X:\p4\alcmain\cygwin/http%3a%2f%2fcygwin.parentingamerica.com%2f/release/file/file-5.11-1.tar.bz2
2012/06/18 13:57:39 Downloaded X:\p4\alcmain\cygwin/http%3a%2f%2fcygwin.parentingamerica.com%2f/release/findutils/findutils-4.5.9-2.tar.bz2
2012/06/18 13:57:42 Downloaded X:\p4\alcmain\cygwin/http%3a%2f%2fcygwin.parentingamerica.com%2f/release/gawk/gawk-4.0.1-1.tar.bz2
2012/06/18 13:57:42 Downloaded X:\p4\alcmain\cygwin/http%3a%2f%2fcygwin.parentingamerica.com%2f/release/gcc4/gcc4-4.5.3-3.tar.bz2
2012/06/18 13:57:53 Downloaded X:\p4\alcmain\cygwin/http%3a%2f%2fcygwin.parentingamerica.com%2f/release/gcc4/gcc4-core/gcc4-core-4.5.3-3.tar.bz2
2012/06/18 13:57:59 Downloaded X:\p4\alcmain\cygwin/http%3a%2f%2fcygwin.parentingamerica.com%2f/release/gcc4/gcc4-g++/gcc4-g++-4.5.3-3.tar.bz2
2012/06/18 13:58:00 Downloaded X:\p4\alcmain\cygwin/http%3a%2f%2fcygwin.parentingamerica.com%2f/release/gettext/gettext-0.18.1.1-2.tar.bz2
2012/06/18 13:58:02 Downloaded X:\p4\alcmain\cygwin/http%3a%2f%2fcygwin.parentingamerica.com%2f/release/grep/grep-2.6.3-1.tar.bz2
2012/06/18 13:58:11 Downloaded X:\p4\alcmain\cygwin/http%3a%2f%2fcygwin.parentingamerica.com%2f/release/groff/groff-1.21-2.tar.bz2
2012/06/18 13:58:12 Downloaded X:\p4\alcmain\cygwin/http%3a%2f%2fcygwin.parentingamerica.com%2f/release/gzip/gzip-1.4-1.tar.bz2
2012/06/18 13:58:13 Downloaded X:\p4\alcmain\cygwin/http%3a%2f%2fcygwin.parentingamerica.com%2f/release/ipc-utils/ipc-utils-1.0-1.tar.bz2
2012/06/18 13:58:14 Downloaded X:\p4\alcmain\cygwin/http%3a%2f%2fcygwin.parentingamerica.com%2f/release/less/less-444-1.tar.bz2
2012/06/18 13:58:14 Downloaded X:\p4\alcmain\cygwin/http%3a%2f%2fcygwin.parentingamerica.com%2f/release/attr/libattr1/libattr1-2.4.46-1.tar.bz2
2012/06/18 13:58:15 Downloaded X:\p4\alcmain\cygwin/http%3a%2f%2fcygwin.parentingamerica.com%2f/release/bzip2/libbz2_1/libbz2_1-1.0.6-2.tar.bz2
2012/06/18 13:58:15 Downloaded X:\p4\alcmain\cygwin/http%3a%2f%2fcygwin.parentingamerica.com%2f/release/cloog-ppl/libcloog0/libcloog0-0.15.7-1.tar.bz2
2012/06/18 13:58:17 Downloaded X:\p4\alcmain\cygwin/http%3a%2f%2fcygwin.parentingamerica.com%2f/release/db/db4.5/libdb4.5/libdb4.5-4.5.20.2-3.tar.bz2
2012/06/18 13:58:18 Downloaded X:\p4\alcmain\cygwin/http%3a%2f%2fcygwin.parentingamerica.com%2f/release/expat/libexpat1/libexpat1-2.1.0-1.tar.bz2
2012/06/18 13:58:19 Downloaded X:\p4\alcmain\cygwin/http%3a%2f%2fcygwin.parentingamerica.com%2f/release/gcc4/libffi4/libffi4-4.5.3-3.tar.bz2
2012/06/18 13:58:19 Downloaded X:\p4\alcmain\cygwin/http%3a%2f%2fcygwin.parentingamerica.com%2f/release/gcc4/libgcc1/libgcc1-4.5.3-3.tar.bz2
2012/06/18 13:58:20 Downloaded X:\p4\alcmain\cygwin/http%3a%2f%2fcygwin.parentingamerica.com%2f/release/gdbm/libgdbm4/libgdbm4-1.8.3-20.tar.bz2
2012/06/18 13:58:21 Downloaded X:\p4\alcmain\cygwin/http%3a%2f%2fcygwin.parentingamerica.com%2f/release/gmp/libgmp3/libgmp3-4.3.2-1.tar.bz2
2012/06/18 13:58:21 Downloaded X:\p4\alcmain\cygwin/http%3a%2f%2fcygwin.parentingamerica.com%2f/release/gmp/libgmpxx4/libgmpxx4-4.3.2-1.tar.bz2
2012/06/18 13:58:22 Downloaded X:\p4\alcmain\cygwin/http%3a%2f%2fcygwin.parentingamerica.com%2f/release/gcc4/libgomp1/libgomp1-4.5.3-3.tar.bz2
2012/06/18 13:58:24 Downloaded X:\p4\alcmain\cygwin/http%3a%2f%2fcygwin.parentingamerica.com%2f/release/libiconv/libiconv2/libiconv2-1.14-2.tar.bz2
2012/06/18 13:58:25 Downloaded X:\p4\alcmain\cygwin/http%3a%2f%2fcygwin.parentingamerica.com%2f/release/libidn/libidn11/libidn11-1.22-1.tar.bz2
2012/06/18 13:58:25 Downloaded X:\p4\alcmain\cygwin/http%3a%2f%2fcygwin.parentingamerica.com%2f/release/gettext/libintl8/libintl8-0.18.1.1-2.tar.bz2
2012/06/18 13:58:26 Downloaded X:\p4\alcmain\cygwin/http%3a%2f%2fcygwin.parentingamerica.com%2f/release/xz/liblzma5/liblzma5-5.0.2_20110517-1.tar.bz2
2012/06/18 13:58:27 Downloaded X:\p4\alcmain\cygwin/http%3a%2f%2fcygwin.parentingamerica.com%2f/release/mpclib/libmpc1/libmpc1-0.8-1.tar.bz2
2012/06/18 13:58:28 Downloaded X:\p4\alcmain\cygwin/http%3a%2f%2fcygwin.parentingamerica.com%2f/release/mpfr/libmpfr1/libmpfr1-2.4.1-4.tar.bz2
2012/06/18 13:58:29 Downloaded X:\p4\alcmain\cygwin/http%3a%2f%2fcygwin.parentingamerica.com%2f/release/mpfr/libmpfr4/libmpfr4-3.0.1-1.tar.bz2
2012/06/18 13:58:30 Downloaded X:\p4\alcmain\cygwin/http%3a%2f%2fcygwin.parentingamerica.com%2f/release/ncurses/libncurses10/libncurses10-5.7-18.tar.bz2
2012/06/18 13:58:32 Downloaded X:\p4\alcmain\cygwin/http%3a%2f%2fcygwin.parentingamerica.com%2f/release/ncursesw/libncursesw10/libncursesw10-5.7-18.tar.bz2
2012/06/18 13:58:34 Downloaded X:\p4\alcmain\cygwin/http%3a%2f%2fcygwin.parentingamerica.com%2f/release/openssl/libopenssl098/libopenssl098-0.9.8x-1.tar.bz2
2012/06/18 13:58:35 Downloaded X:\p4\alcmain\cygwin/http%3a%2f%2fcygwin.parentingamerica.com%2f/release/pcre/libpcre0/libpcre0-8.21-2.tar.bz2
2012/06/18 13:58:35 Downloaded X:\p4\alcmain\cygwin/http%3a%2f%2fcygwin.parentingamerica.com%2f/release/popt/libpopt0/libpopt0-1.6.4-4.tar.bz2
2012/06/18 13:58:38 Downloaded X:\p4\alcmain\cygwin/http%3a%2f%2fcygwin.parentingamerica.com%2f/release/ppl/libppl/libppl-0.10.2-1.tar.bz2
2012/06/18 13:58:39 Downloaded X:\p4\alcmain\cygwin/http%3a%2f%2fcygwin.parentingamerica.com%2f/release/readline/libreadline7/libreadline7-6.1.2-3.tar.bz2
2012/06/18 13:58:39 Downloaded X:\p4\alcmain\cygwin/http%3a%2f%2fcygwin.parentingamerica.com%2f/release/libsigsegv/libsigsegv2/libsigsegv2-2.10-1.tar.bz2
2012/06/18 13:58:40 Downloaded X:\p4\alcmain\cygwin/http%3a%2f%2fcygwin.parentingamerica.com%2f/release/sqlite3/libsqlite3_0/libsqlite3_0-3.7.12.1-1.tar.bz2
2012/06/18 13:58:41 Downloaded X:\p4\alcmain\cygwin/http%3a%2f%2fcygwin.parentingamerica.com%2f/release/gcc4/libssp0/libssp0-4.5.3-3.tar.bz2
2012/06/18 13:58:42 Downloaded X:\p4\alcmain\cygwin/http%3a%2f%2fcygwin.parentingamerica.com%2f/release/gcc4/libstdc++6/libstdc++6-4.5.3-3.tar.bz2
2012/06/18 13:58:48 Downloaded X:\p4\alcmain\cygwin/http%3a%2f%2fcygwin.parentingamerica.com%2f/release/gcc4/libstdc++6-devel/libstdc++6-devel-4.5.3-3.tar.bz2
2012/06/18 13:58:49 Downloaded X:\p4\alcmain\cygwin/http%3a%2f%2fcygwin.parentingamerica.com%2f/release/util-linux/libuuid1/libuuid1-2.21-1.tar.bz2
2012/06/18 13:58:49 Downloaded X:\p4\alcmain\cygwin/http%3a%2f%2fcygwin.parentingamerica.com%2f/release/login/login-1.10-10.tar.bz2
2012/06/18 13:58:51 Downloaded X:\p4\alcmain\cygwin/http%3a%2f%2fcygwin.parentingamerica.com%2f/release/man/man-1.6g-1.tar.bz2
2012/06/18 13:58:51 Downloaded X:\p4\alcmain\cygwin/http%3a%2f%2fcygwin.parentingamerica.com%2f/release/mintty/mintty-1.1.1-1.tar.bz2
2012/06/18 13:59:01 Downloaded X:\p4\alcmain\cygwin/http%3a%2f%2fcygwin.parentingamerica.com%2f/release/python/python-2.6.8-2.tar.bz2
2012/06/18 13:59:02 Downloaded X:\p4\alcmain\cygwin/http%3a%2f%2fcygwin.parentingamerica.com%2f/release/rebase/rebase-4.2.0-1.tar.bz2
2012/06/18 13:59:03 Downloaded X:\p4\alcmain\cygwin/http%3a%2f%2fcygwin.parentingamerica.com%2f/release/run/run-1.1.13-1.tar.bz2
2012/06/18 13:59:04 Downloaded X:\p4\alcmain\cygwin/http%3a%2f%2fcygwin.parentingamerica.com%2f/release/sed/sed-4.2.1-2.tar.bz2
2012/06/18 13:59:06 Downloaded X:\p4\alcmain\cygwin/http%3a%2f%2fcygwin.parentingamerica.com%2f/release/tar/tar-1.25-1.tar.bz2
2012/06/18 13:59:07 Downloaded X:\p4\alcmain\cygwin/http%3a%2f%2fcygwin.parentingamerica.com%2f/release/terminfo/terminfo-5.7_20091114-14.tar.bz2
2012/06/18 13:59:09 Downloaded X:\p4\alcmain\cygwin/http%3a%2f%2fcygwin.parentingamerica.com%2f/release/texinfo/texinfo-4.13-4.tar.bz2
2012/06/18 13:59:11 Downloaded X:\p4\alcmain\cygwin/http%3a%2f%2fcygwin.parentingamerica.com%2f/release/tzcode/tzcode-2012b-1.tar.bz2
2012/06/18 13:59:14 Downloaded X:\p4\alcmain\cygwin/http%3a%2f%2fcygwin.parentingamerica.com%2f/release/w32api/w32api-3.17-2.tar.bz2
2012/06/18 13:59:14 Downloaded X:\p4\alcmain\cygwin/http%3a%2f%2fcygwin.parentingamerica.com%2f/release/which/which-2.20-2.tar.bz2
2012/06/18 13:59:15 Downloaded X:\p4\alcmain\cygwin/http%3a%2f%2fcygwin.parentingamerica.com%2f/release/xz/xz-5.0.2_20110517-1.tar.bz2
2012/06/18 13:59:16 Downloaded X:\p4\alcmain\cygwin/http%3a%2f%2fcygwin.parentingamerica.com%2f/release/zlib/zlib0/zlib0-1.2.7-1.tar.bz2
2012/06/18 13:59:21 Extracting from file://X:\p4\alcmain\cygwin/http%3a%2f%2fcygwin.parentingamerica.com%2f/release/_autorebase/_autorebase-000079-1.tar.bz2
2012/06/18 13:59:21 Extracting from file://X:\p4\alcmain\cygwin/http%3a%2f%2fcygwin.parentingamerica.com%2f/release/_update-info-dir/_update-info-dir-01052-1.tar.bz2
2012/06/18 13:59:21 Extracting from file://X:\p4\alcmain\cygwin/http%3a%2f%2fcygwin.parentingamerica.com%2f/release/alternatives/alternatives-1.3.30c-10.tar.bz2
2012/06/18 13:59:21 Extracting from file://X:\p4\alcmain\cygwin/http%3a%2f%2fcygwin.parentingamerica.com%2f/release/base-cygwin/base-cygwin-3.1-1.tar.bz2
2012/06/18 13:59:21 Extracting from file://X:\p4\alcmain\cygwin/http%3a%2f%2fcygwin.parentingamerica.com%2f/release/base-files/base-files-4.1-1.tar.bz2
2012/06/18 13:59:22 Extracting from file://X:\p4\alcmain\cygwin/http%3a%2f%2fcygwin.parentingamerica.com%2f/release/bash/bash-4.1.10-4.tar.bz2
2012/06/18 13:59:22 Extracting from file://X:\p4\alcmain\cygwin/http%3a%2f%2fcygwin.parentingamerica.com%2f/release/binutils/binutils-2.22.51-2.tar.bz2
2012/06/18 13:59:25 Extracting from file://X:\p4\alcmain\cygwin/http%3a%2f%2fcygwin.parentingamerica.com%2f/release/bzip2/bzip2-1.0.6-2.tar.bz2
2012/06/18 13:59:25 Extracting from file://X:\p4\alcmain\cygwin/http%3a%2f%2fcygwin.parentingamerica.com%2f/release/cmake/cmake-2.8.7-1.tar.bz2
2012/06/18 13:59:29 Extracting from file://X:\p4\alcmain\cygwin/http%3a%2f%2fcygwin.parentingamerica.com%2f/release/coreutils/coreutils-8.15-1.tar.bz2
2012/06/18 13:59:31 Extracting from file://X:\p4\alcmain\cygwin/http%3a%2f%2fcygwin.parentingamerica.com%2f/release/crypt/crypt-1.2-1.tar.bz2
2012/06/18 13:59:31 Extracting from file://X:\p4\alcmain\cygwin/http%3a%2f%2fcygwin.parentingamerica.com%2f/release/cygutils/cygutils-1.4.10-2.tar.bz2
2012/06/18 13:59:31 Extracting from file://X:\p4\alcmain\cygwin/http%3a%2f%2fcygwin.parentingamerica.com%2f/release/cygwin/cygwin-1.7.15-1.tar.bz2
2012/06/18 13:59:33 Extracting from file://X:\p4\alcmain\cygwin/http%3a%2f%2fcygwin.parentingamerica.com%2f/release/cygwin-doc/cygwin-doc-1.7-1.tar.bz2
2012/06/18 13:59:34 Extracting from file://X:\p4\alcmain\cygwin/http%3a%2f%2fcygwin.parentingamerica.com%2f/release/dash/dash-0.5.7-1.tar.bz2
2012/06/18 13:59:34 Extracting from file://X:\p4\alcmain\cygwin/http%3a%2f%2fcygwin.parentingamerica.com%2f/release/diffutils/diffutils-3.2-1.tar.bz2
2012/06/18 13:59:35 Extracting from file://X:\p4\alcmain\cygwin/http%3a%2f%2fcygwin.parentingamerica.com%2f/release/dos2unix/dos2unix-6.0-1.tar.bz2
2012/06/18 13:59:35 Extracting from file://X:\p4\alcmain\cygwin/http%3a%2f%2fcygwin.parentingamerica.com%2f/release/editrights/editrights-1.01-2.tar.bz2
2012/06/18 13:59:35 Extracting from file://X:\p4\alcmain\cygwin/http%3a%2f%2fcygwin.parentingamerica.com%2f/release/file/file-5.11-1.tar.bz2
2012/06/18 13:59:35 Extracting from file://X:\p4\alcmain\cygwin/http%3a%2f%2fcygwin.parentingamerica.com%2f/release/findutils/findutils-4.5.9-2.tar.bz2
2012/06/18 13:59:36 Extracting from file://X:\p4\alcmain\cygwin/http%3a%2f%2fcygwin.parentingamerica.com%2f/release/gawk/gawk-4.0.1-1.tar.bz2
2012/06/18 13:59:36 Extracting from file://X:\p4\alcmain\cygwin/http%3a%2f%2fcygwin.parentingamerica.com%2f/release/gcc4/gcc4-core/gcc4-core-4.5.3-3.tar.bz2
2012/06/18 13:59:39 Extracting from file://X:\p4\alcmain\cygwin/http%3a%2f%2fcygwin.parentingamerica.com%2f/release/gcc4/gcc4-g++/gcc4-g++-4.5.3-3.tar.bz2
2012/06/18 13:59:43 Extracting from file://X:\p4\alcmain\cygwin/http%3a%2f%2fcygwin.parentingamerica.com%2f/release/gettext/gettext-0.18.1.1-2.tar.bz2
2012/06/18 13:59:44 Extracting from file://X:\p4\alcmain\cygwin/http%3a%2f%2fcygwin.parentingamerica.com%2f/release/grep/grep-2.6.3-1.tar.bz2
2012/06/18 13:59:44 Extracting from file://X:\p4\alcmain\cygwin/http%3a%2f%2fcygwin.parentingamerica.com%2f/release/groff/groff-1.21-2.tar.bz2
2012/06/18 13:59:48 Extracting from file://X:\p4\alcmain\cygwin/http%3a%2f%2fcygwin.parentingamerica.com%2f/release/gzip/gzip-1.4-1.tar.bz2
2012/06/18 13:59:48 Extracting from file://X:\p4\alcmain\cygwin/http%3a%2f%2fcygwin.parentingamerica.com%2f/release/ipc-utils/ipc-utils-1.0-1.tar.bz2
2012/06/18 13:59:49 Extracting from file://X:\p4\alcmain\cygwin/http%3a%2f%2fcygwin.parentingamerica.com%2f/release/less/less-444-1.tar.bz2
2012/06/18 13:59:49 Extracting from file://X:\p4\alcmain\cygwin/http%3a%2f%2fcygwin.parentingamerica.com%2f/release/attr/libattr1/libattr1-2.4.46-1.tar.bz2
2012/06/18 13:59:49 Extracting from file://X:\p4\alcmain\cygwin/http%3a%2f%2fcygwin.parentingamerica.com%2f/release/bzip2/libbz2_1/libbz2_1-1.0.6-2.tar.bz2
2012/06/18 13:59:49 Extracting from file://X:\p4\alcmain\cygwin/http%3a%2f%2fcygwin.parentingamerica.com%2f/release/cloog-ppl/libcloog0/libcloog0-0.15.7-1.tar.bz2
2012/06/18 13:59:49 Extracting from file://X:\p4\alcmain\cygwin/http%3a%2f%2fcygwin.parentingamerica.com%2f/release/db/db4.5/libdb4.5/libdb4.5-4.5.20.2-3.tar.bz2
2012/06/18 13:59:49 Extracting from file://X:\p4\alcmain\cygwin/http%3a%2f%2fcygwin.parentingamerica.com%2f/release/expat/libexpat1/libexpat1-2.1.0-1.tar.bz2
2012/06/18 13:59:49 Extracting from file://X:\p4\alcmain\cygwin/http%3a%2f%2fcygwin.parentingamerica.com%2f/release/gcc4/libffi4/libffi4-4.5.3-3.tar.bz2
2012/06/18 13:59:49 Extracting from file://X:\p4\alcmain\cygwin/http%3a%2f%2fcygwin.parentingamerica.com%2f/release/gcc4/libgcc1/libgcc1-4.5.3-3.tar.bz2
2012/06/18 13:59:49 Extracting from file://X:\p4\alcmain\cygwin/http%3a%2f%2fcygwin.parentingamerica.com%2f/release/gdbm/libgdbm4/libgdbm4-1.8.3-20.tar.bz2
2012/06/18 13:59:49 Extracting from file://X:\p4\alcmain\cygwin/http%3a%2f%2fcygwin.parentingamerica.com%2f/release/gmp/libgmp3/libgmp3-4.3.2-1.tar.bz2
2012/06/18 13:59:49 Extracting from file://X:\p4\alcmain\cygwin/http%3a%2f%2fcygwin.parentingamerica.com%2f/release/gmp/libgmpxx4/libgmpxx4-4.3.2-1.tar.bz2
2012/06/18 13:59:49 Extracting from file://X:\p4\alcmain\cygwin/http%3a%2f%2fcygwin.parentingamerica.com%2f/release/gcc4/libgomp1/libgomp1-4.5.3-3.tar.bz2
2012/06/18 13:59:49 Extracting from file://X:\p4\alcmain\cygwin/http%3a%2f%2fcygwin.parentingamerica.com%2f/release/libiconv/libiconv2/libiconv2-1.14-2.tar.bz2
2012/06/18 13:59:49 Extracting from file://X:\p4\alcmain\cygwin/http%3a%2f%2fcygwin.parentingamerica.com%2f/release/libidn/libidn11/libidn11-1.22-1.tar.bz2
2012/06/18 13:59:49 Extracting from file://X:\p4\alcmain\cygwin/http%3a%2f%2fcygwin.parentingamerica.com%2f/release/gettext/libintl8/libintl8-0.18.1.1-2.tar.bz2
2012/06/18 13:59:49 Extracting from file://X:\p4\alcmain\cygwin/http%3a%2f%2fcygwin.parentingamerica.com%2f/release/xz/liblzma5/liblzma5-5.0.2_20110517-1.tar.bz2
2012/06/18 13:59:49 Extracting from file://X:\p4\alcmain\cygwin/http%3a%2f%2fcygwin.parentingamerica.com%2f/release/mpclib/libmpc1/libmpc1-0.8-1.tar.bz2
2012/06/18 13:59:49 Extracting from file://X:\p4\alcmain\cygwin/http%3a%2f%2fcygwin.parentingamerica.com%2f/release/mpfr/libmpfr1/libmpfr1-2.4.1-4.tar.bz2
2012/06/18 13:59:49 Extracting from file://X:\p4\alcmain\cygwin/http%3a%2f%2fcygwin.parentingamerica.com%2f/release/mpfr/libmpfr4/libmpfr4-3.0.1-1.tar.bz2
2012/06/18 13:59:49 Extracting from file://X:\p4\alcmain\cygwin/http%3a%2f%2fcygwin.parentingamerica.com%2f/release/ncurses/libncurses10/libncurses10-5.7-18.tar.bz2
2012/06/18 13:59:49 Extracting from file://X:\p4\alcmain\cygwin/http%3a%2f%2fcygwin.parentingamerica.com%2f/release/ncursesw/libncursesw10/libncursesw10-5.7-18.tar.bz2
2012/06/18 13:59:49 Extracting from file://X:\p4\alcmain\cygwin/http%3a%2f%2fcygwin.parentingamerica.com%2f/release/openssl/libopenssl098/libopenssl098-0.9.8x-1.tar.bz2
2012/06/18 13:59:49 Extracting from file://X:\p4\alcmain\cygwin/http%3a%2f%2fcygwin.parentingamerica.com%2f/release/pcre/libpcre0/libpcre0-8.21-2.tar.bz2
2012/06/18 13:59:49 Extracting from file://X:\p4\alcmain\cygwin/http%3a%2f%2fcygwin.parentingamerica.com%2f/release/popt/libpopt0/libpopt0-1.6.4-4.tar.bz2
2012/06/18 13:59:50 Extracting from file://X:\p4\alcmain\cygwin/http%3a%2f%2fcygwin.parentingamerica.com%2f/release/ppl/libppl/libppl-0.10.2-1.tar.bz2
2012/06/18 13:59:50 Extracting from file://X:\p4\alcmain\cygwin/http%3a%2f%2fcygwin.parentingamerica.com%2f/release/readline/libreadline7/libreadline7-6.1.2-3.tar.bz2
2012/06/18 13:59:50 Extracting from file://X:\p4\alcmain\cygwin/http%3a%2f%2fcygwin.parentingamerica.com%2f/release/libsigsegv/libsigsegv2/libsigsegv2-2.10-1.tar.bz2
2012/06/18 13:59:51 Extracting from file://X:\p4\alcmain\cygwin/http%3a%2f%2fcygwin.parentingamerica.com%2f/release/sqlite3/libsqlite3_0/libsqlite3_0-3.7.12.1-1.tar.bz2
2012/06/18 13:59:51 Extracting from file://X:\p4\alcmain\cygwin/http%3a%2f%2fcygwin.parentingamerica.com%2f/release/gcc4/libssp0/libssp0-4.5.3-3.tar.bz2
2012/06/18 13:59:51 Extracting from file://X:\p4\alcmain\cygwin/http%3a%2f%2fcygwin.parentingamerica.com%2f/release/gcc4/libstdc++6/libstdc++6-4.5.3-3.tar.bz2
2012/06/18 13:59:51 Extracting from file://X:\p4\alcmain\cygwin/http%3a%2f%2fcygwin.parentingamerica.com%2f/release/gcc4/libstdc++6-devel/libstdc++6-devel-4.5.3-3.tar.bz2
2012/06/18 13:59:51 Extracting from file://X:\p4\alcmain\cygwin/http%3a%2f%2fcygwin.parentingamerica.com%2f/release/util-linux/libuuid1/libuuid1-2.21-1.tar.bz2
2012/06/18 13:59:51 Extracting from file://X:\p4\alcmain\cygwin/http%3a%2f%2fcygwin.parentingamerica.com%2f/release/login/login-1.10-10.tar.bz2
2012/06/18 13:59:51 Extracting from file://X:\p4\alcmain\cygwin/http%3a%2f%2fcygwin.parentingamerica.com%2f/release/man/man-1.6g-1.tar.bz2
2012/06/18 13:59:52 Extracting from file://X:\p4\alcmain\cygwin/http%3a%2f%2fcygwin.parentingamerica.com%2f/release/mintty/mintty-1.1.1-1.tar.bz2
2012/06/18 13:59:52 Extracting from file://X:\p4\alcmain\cygwin/http%3a%2f%2fcygwin.parentingamerica.com%2f/release/python/python-2.6.8-2.tar.bz2
2012/06/18 13:59:59 Extracting from file://X:\p4\alcmain\cygwin/http%3a%2f%2fcygwin.parentingamerica.com%2f/release/rebase/rebase-4.2.0-1.tar.bz2
2012/06/18 13:59:59 Extracting from file://X:\p4\alcmain\cygwin/http%3a%2f%2fcygwin.parentingamerica.com%2f/release/run/run-1.1.13-1.tar.bz2
2012/06/18 13:59:59 Extracting from file://X:\p4\alcmain\cygwin/http%3a%2f%2fcygwin.parentingamerica.com%2f/release/sed/sed-4.2.1-2.tar.bz2
2012/06/18 14:00:00 Extracting from file://X:\p4\alcmain\cygwin/http%3a%2f%2fcygwin.parentingamerica.com%2f/release/tar/tar-1.25-1.tar.bz2
2012/06/18 14:00:00 Extracting from file://X:\p4\alcmain\cygwin/http%3a%2f%2fcygwin.parentingamerica.com%2f/release/terminfo/terminfo-5.7_20091114-14.tar.bz2
2012/06/18 14:00:01 Extracting from file://X:\p4\alcmain\cygwin/http%3a%2f%2fcygwin.parentingamerica.com%2f/release/texinfo/texinfo-4.13-4.tar.bz2
2012/06/18 14:00:01 Extracting from file://X:\p4\alcmain\cygwin/http%3a%2f%2fcygwin.parentingamerica.com%2f/release/tzcode/tzcode-2012b-1.tar.bz2
2012/06/18 14:00:07 Extracting from file://X:\p4\alcmain\cygwin/http%3a%2f%2fcygwin.parentingamerica.com%2f/release/w32api/w32api-3.17-2.tar.bz2
2012/06/18 14:00:09 Extracting from file://X:\p4\alcmain\cygwin/http%3a%2f%2fcygwin.parentingamerica.com%2f/release/which/which-2.20-2.tar.bz2
2012/06/18 14:00:09 Extracting from file://X:\p4\alcmain\cygwin/http%3a%2f%2fcygwin.parentingamerica.com%2f/release/xz/xz-5.0.2_20110517-1.tar.bz2
2012/06/18 14:00:09 Extracting from file://X:\p4\alcmain\cygwin/http%3a%2f%2fcygwin.parentingamerica.com%2f/release/zlib/zlib0/zlib0-1.2.7-1.tar.bz2
2012/06/18 14:00:09 Changing gid back to original
2012/06/18 14:00:09 running: X:\p4\alcmain\cygwin\test\bin\bash.exe --norc --noprofile "/etc/postinstall/000-cygwin-post-install.sh"
2012/06/18 14:00:10 running: X:\p4\alcmain\cygwin\test\bin\bash.exe --norc --noprofile "/etc/postinstall/update-info-dir.sh"
2012/06/18 14:00:15 running: X:\p4\alcmain\cygwin\test\bin\bash.exe --norc --noprofile "/etc/postinstall/terminfo.sh"
2012/06/18 14:00:17 running: X:\p4\alcmain\cygwin\test\bin\bash.exe --norc --noprofile "/etc/postinstall/bash.sh"
2012/06/18 14:00:17 running: X:\p4\alcmain\cygwin\test\bin\bash.exe --norc --noprofile "/etc/postinstall/coreutils.sh"
2012/06/18 14:00:17 running: cmd.exe /c "X:\p4\alcmain\cygwin\test\etc\postinstall\autorebase.bat"
2012/06/18 14:00:18 running: X:\p4\alcmain\cygwin\test\bin\bash.exe --norc --noprofile "/etc/postinstall/base-files-profile.sh"
2012/06/18 14:00:19 running: X:\p4\alcmain\cygwin\test\bin\bash.exe --norc --noprofile "/etc/postinstall/base-files-mketc.sh"
2012/06/18 14:00:19 running: X:\p4\alcmain\cygwin\test\bin\bash.exe --norc --noprofile "/etc/postinstall/cygutils.sh"
2012/06/18 14:00:19 running: X:\p4\alcmain\cygwin\test\bin\bash.exe --norc --noprofile "/etc/postinstall/man.sh"
2012/06/18 14:00:20 running: X:\p4\alcmain\cygwin\test\bin\bash.exe --norc --noprofile "/etc/postinstall/gcc4-core.sh"
2012/06/18 14:00:20 running: X:\p4\alcmain\cygwin\test\bin\bash.exe --norc --noprofile "/etc/postinstall/gcc4-g++.sh"
2012/06/18 14:00:20 Changing gid to Administrators
2012/06/18 14:00:55 note: Installation Complete
2012/06/18 14:00:55 Ending cygwin install
