GNU gdb (GDB) 7.3
Copyright (C) 2011 Free Software Foundation, Inc.
License GPLv3+: GNU GPL version 3 or later <http://gnu.org/licenses/gpl.html>
This is free software: you are free to change and redistribute it.
There is NO WARRANTY, to the extent permitted by law.  Type "show copying"
and "show warranty" for details.
This GDB was configured as "--host=IGNORE --target=avm2-elf".
For bug reporting instructions, please see:
<http://www.gnu.org/software/gdb/bugs/>...
No symbol table is loaded.  Use the "file" command.
Breakpoint 1 (main) pending.
0xdddddddd in ?? ()

Breakpoint 1, INSTRUCTPT in main () at setjmp.c:8
8	    int i = 0;
# continue to the goto loopBreakpoint 2 at INSTRUCTPT: file setjmp.c, line 28.

Breakpoint 2, INSTRUCTPT in main () at setjmp.c:29
29	    printf("goto loop:");
# next a few times 
30	    int m = 0;   
32	        printf("%d, ", m);
33	        m++;
34	        if (m<3) 
32	        printf("%d, ", m);
33	        m++;
Kill the program being debugged? (y or n) [answered Y; input not from terminal]
