/bin/sh FLASCC_SRC_DIR/llvm-gcc-4.2-2.9/mkinstalldirs FLASCC_SRC_DIR/sdk/usr FLASCC_SRC_DIR/sdk/usr
/bin/sh FLASCC_SRC_DIR/llvm-gcc-4.2-2.9/libobjc/../mkinstalldirs FLASCC_SRC_DIR/sdk/usr/avm2-unknown-freebsd8/lib
/bin/sh ./libtool --mode=install /usr/bin/install -c libobjc.la FLASCC_SRC_DIR/sdk/usr/avm2-unknown-freebsd8/lib;
/usr/bin/install -c .libs/libobjc.lai FLASCC_SRC_DIR/sdk/usr/avm2-unknown-freebsd8/lib/libobjc.la
/usr/bin/install -c .libs/libobjc.a FLASCC_SRC_DIR/sdk/usr/avm2-unknown-freebsd8/lib/libobjc.a

chmod 644 FLASCC_SRC_DIR/sdk/usr/avm2-unknown-freebsd8/lib/libobjc.a
FLASCC_SRC_DIR/sdk/usr/avm2-unknown-freebsd8/bin/ranlib FLASCC_SRC_DIR/sdk/usr/avm2-unknown-freebsd8/lib/libobjc.a
----------------------------------------------------------------------
Libraries have been installed in:
   FLASCC_SRC_DIR/sdk/usr/avm2-unknown-freebsd8/lib

If you ever happen to want to link against installed libraries
in a given directory, LIBDIR, you must either use libtool, and
specify the full pathname of the library, or use the `-LLIBDIR'
flag during linking and do at least one of the following:
   - add LIBDIR to the `LD_LIBRARY_PATH' environment variable
     during execution

See any operating system documentation about shared libraries for
more information, such as the ld(1) and ld.so(8) manual pages.
----------------------------------------------------------------------
if [ "" ]; then \
	  /bin/sh ./libtool --mode=install /usr/bin/install -c libobjc_gc.la \
				FLASCC_SRC_DIR/sdk/usr/avm2-unknown-freebsd8/lib;\
	fi
make "AR=FLASCC_SRC_DIR/sdk/usr/avm2-unknown-freebsd8/bin/ar" "AR_FLAGS=rc" "CC=FLASCC_SRC_DIR/build/mac/llvm-gcc-42/./gcc/xgcc -BFLASCC_SRC_DIR/build/mac/llvm-gcc-42/./gcc/ -BFLASCC_SRC_DIR/sdk/usr/avm2-unknown-freebsd8/bin/ -BFLASCC_SRC_DIR/sdk/usr/avm2-unknown-freebsd8/lib/ -isystem FLASCC_SRC_DIR/sdk/usr/avm2-unknown-freebsd8/include -isystem FLASCC_SRC_DIR/sdk/usr/avm2-unknown-freebsd8/sys-include --sysroot=FLASCC_SRC_DIR/sdk/" "CFLAGS=-O2 -emit-llvm -DSJLJ_EXCEPTIONS=1 " "DESTDIR=" "LIBCFLAGS=-O2 -emit-llvm -DSJLJ_EXCEPTIONS=1 " "EXTRA_OFILES=" "HDEFINES=" "INSTALL=/usr/bin/install -c" "INSTALL_DATA=/usr/bin/install -c -m 644" "INSTALL_PROGRAM=/usr/bin/install -c" "LDFLAGS=" "LIBTOOL=/bin/sh ./libtool" "LOADLIBES=" "PICFLAG=" "RANLIB=FLASCC_SRC_DIR/sdk/usr/avm2-unknown-freebsd8/bin/ranlib" "SHELL=/bin/sh" "prefix=FLASCC_SRC_DIR/sdk/usr" "exec_prefix=FLASCC_SRC_DIR/sdk/usr" "libdir=FLASCC_SRC_DIR/sdk/usr/lib" "libsubdir=FLASCC_SRC_DIR/sdk/usr/lib/gcc/avm2-unknown-freebsd8/4.2.1" "tooldir=FLASCC_SRC_DIR/sdk/usr/avm2-unknown-freebsd8" multi-do DO="install-libs"
if [ -z "" ]; then \
	  true; \
	else \
	  rootpre=`${PWDCMD-pwd}`/; export rootpre; \
	  srcrootpre=`cd FLASCC_SRC_DIR/llvm-gcc-4.2-2.9/libobjc; ${PWDCMD-pwd}`/; export srcrootpre; \
	  lib=`echo ${rootpre} | sed -e 's,^.*/\([^/][^/]*\)/$,\1,'`; \
	  compiler="FLASCC_SRC_DIR/build/mac/llvm-gcc-42/./gcc/xgcc -BFLASCC_SRC_DIR/build/mac/llvm-gcc-42/./gcc/ -BFLASCC_SRC_DIR/sdk/usr/avm2-unknown-freebsd8/bin/ -BFLASCC_SRC_DIR/sdk/usr/avm2-unknown-freebsd8/lib/ -isystem FLASCC_SRC_DIR/sdk/usr/avm2-unknown-freebsd8/include -isystem FLASCC_SRC_DIR/sdk/usr/avm2-unknown-freebsd8/sys-include --sysroot=FLASCC_SRC_DIR/sdk/"; \
	  for i in `${compiler} --print-multi-lib 2>/dev/null`; do \
	    dir=`echo $i | sed -e 's/;.*$//'`; \
	    if [ "${dir}" = "." ]; then \
	      true; \
	    else \
	      if [ -d ../${dir}/${lib} ]; then \
		flags=`echo $i | sed -e 's/^[^;]*;//' -e 's/@/ -/g'`; \
		if (cd ../${dir}/${lib}; make "AR=FLASCC_SRC_DIR/sdk/usr/avm2-unknown-freebsd8/bin/ar" "AR_FLAGS=rc" "CC=FLASCC_SRC_DIR/build/mac/llvm-gcc-42/./gcc/xgcc -BFLASCC_SRC_DIR/build/mac/llvm-gcc-42/./gcc/ -BFLASCC_SRC_DIR/sdk/usr/avm2-unknown-freebsd8/bin/ -BFLASCC_SRC_DIR/sdk/usr/avm2-unknown-freebsd8/lib/ -isystem FLASCC_SRC_DIR/sdk/usr/avm2-unknown-freebsd8/include -isystem FLASCC_SRC_DIR/sdk/usr/avm2-unknown-freebsd8/sys-include --sysroot=FLASCC_SRC_DIR/sdk/" "CFLAGS=-O2 -emit-llvm -DSJLJ_EXCEPTIONS=1 " "DESTDIR=" "LIBCFLAGS=-O2 -emit-llvm -DSJLJ_EXCEPTIONS=1 " "EXTRA_OFILES=" "HDEFINES=" "INSTALL=/usr/bin/install -c" "INSTALL_DATA=/usr/bin/install -c -m 644" "INSTALL_PROGRAM=/usr/bin/install -c" "LDFLAGS=" "LIBTOOL=/bin/sh ./libtool" "LOADLIBES=" "PICFLAG=" "RANLIB=FLASCC_SRC_DIR/sdk/usr/avm2-unknown-freebsd8/bin/ranlib" "SHELL=/bin/sh" "prefix=FLASCC_SRC_DIR/sdk/usr" "exec_prefix=FLASCC_SRC_DIR/sdk/usr" "libdir=FLASCC_SRC_DIR/sdk/usr/lib" "libsubdir=FLASCC_SRC_DIR/sdk/usr/lib/gcc/avm2-unknown-freebsd8/4.2.1" "tooldir=FLASCC_SRC_DIR/sdk/usr/avm2-unknown-freebsd8" \
				CFLAGS="-O2 -emit-llvm -DSJLJ_EXCEPTIONS=1  ${flags}" \
				CCASFLAGS=" ${flags}" \
				FCFLAGS=" ${flags}" \
				FFLAGS=" ${flags}" \
				ADAFLAGS=" ${flags}" \
				prefix="FLASCC_SRC_DIR/sdk/usr" \
				exec_prefix="FLASCC_SRC_DIR/sdk/usr" \
				GCJFLAGS=" ${flags}" \
				CXXFLAGS="-O2 -emit-llvm -DSJLJ_EXCEPTIONS=1  ${flags}" \
				LIBCFLAGS="-O2 -emit-llvm -DSJLJ_EXCEPTIONS=1  ${flags}" \
				LIBCXXFLAGS="-O2 -emit-llvm -DSJLJ_EXCEPTIONS=1  -fno-implicit-templates ${flags}" \
				LDFLAGS=" ${flags}" \
				MULTIFLAGS="${flags}" \
				DESTDIR="" \
				INSTALL="/usr/bin/install -c" \
				INSTALL_DATA="/usr/bin/install -c -m 644" \
				INSTALL_PROGRAM="/usr/bin/install -c" \
				INSTALL_SCRIPT="/usr/bin/install -c" \
				install-libs); then \
		  true; \
		else \
		  exit 1; \
		fi; \
	      else true; \
	      fi; \
	    fi; \
	  done; \
	fi
----------------------------------------------------------------------
Libraries have been installed in:
   FLASCC_SRC_DIR/sdk/usr/avm2-unknown-freebsd8/lib

If you ever happen to want to link against installed libraries
in a given directory, LIBDIR, you must either use libtool, and
specify the full pathname of the library, or use the `-LLIBDIR'
flag during linking and do at least one of the following:
   - add LIBDIR to the `LD_LIBRARY_PATH' environment variable
     during execution

See any operating system documentation about shared libraries for
more information, such as the ld(1) and ld.so(8) manual pages.
----------------------------------------------------------------------
/bin/sh FLASCC_SRC_DIR/llvm-gcc-4.2-2.9/libobjc/../mkinstalldirs FLASCC_SRC_DIR/sdk/usr/lib/gcc/avm2-unknown-freebsd8/4.2.1/include/objc
mkdir FLASCC_SRC_DIR/sdk/usr/lib/gcc
mkdir FLASCC_SRC_DIR/sdk/usr/lib/gcc/avm2-unknown-freebsd8
mkdir FLASCC_SRC_DIR/sdk/usr/lib/gcc/avm2-unknown-freebsd8/4.2.1
mkdir FLASCC_SRC_DIR/sdk/usr/lib/gcc/avm2-unknown-freebsd8/4.2.1/include
mkdir FLASCC_SRC_DIR/sdk/usr/lib/gcc/avm2-unknown-freebsd8/4.2.1/include/objc
for file in hash.h objc-list.h sarray.h objc.h objc-api.h NXConstStr.h Object.h Protocol.h encoding.h typedstream.h thr.h objc-decls.h; do \
	  realfile=FLASCC_SRC_DIR/llvm-gcc-4.2-2.9/libobjc/objc/${file}; \
	  /usr/bin/install -c -m 644 ${realfile} FLASCC_SRC_DIR/sdk/usr/lib/gcc/avm2-unknown-freebsd8/4.2.1/include/objc; \
	done
