GNU gdb (GDB) 7.3
Copyright (C) 2011 Free Software Foundation, Inc.
License GPLv3+: GNU GPL version 3 or later <http://gnu.org/licenses/gpl.html>
This is free software: you are free to change and redistribute it.
There is NO WARRANTY, to the extent permitted by law.  Type "show copying"
and "show warranty" for details.
This GDB was configured as "--host=IGNORE --target=avm2-elf".
For bug reporting instructions, please see:
<http://www.gnu.org/software/gdb/bugs/>...
No symbol table is loaded.  Use the "file" command.
Breakpoint 1 (main) pending.
0xdddddddd in ?? ()

Breakpoint 1, 0xf0000053 in main (argc=0, argv=0x200ff0) at as3Commands.c:7
7	    double somenumber = 45.0;
# as3step
0xf0000055 in main (argc=0, argv=0x200ff0) at as3Commands.c:7
7	    double somenumber = 45.0;
(*)global/C_Run::F_main()[IGNORE]
   global/C_Run::F__start1()[IGNORE]
   com.adobe.flascc::CModule$/callI()
   com.adobe.flascc::CModule$/start()
   com.adobe.flascc::CModule$/startAsync()
   com.adobe.flascc::Console/init()
   com.adobe.flascc::Console()
   com.adobe.flascc.preloader::DefaultPreloader/onPreloaderComplete()
# as3step
0xf0000056 in main (argc=0, argv=0x200ff0) at as3Commands.c:7
7	    double somenumber = 45.0;
(*)global/C_Run::F_main()[IGNORE]
   global/C_Run::F__start1()[IGNORE]
   com.adobe.flascc::CModule$/callI()
   com.adobe.flascc::CModule$/start()
   com.adobe.flascc::CModule$/startAsync()
   com.adobe.flascc::Console/init()
   com.adobe.flascc::Console()
   com.adobe.flascc.preloader::DefaultPreloader/onPreloaderComplete()
# as3step
main (argc=0, argv=0x200ff0) at as3Commands.c:8
8	    double result = 0.0;
(*)global/C_Run::F_main()[IGNORE]
   global/C_Run::F__start1()[IGNORE]
   com.adobe.flascc::CModule$/callI()
   com.adobe.flascc::CModule$/start()
   com.adobe.flascc::CModule$/startAsync()
   com.adobe.flascc::Console/init()
   com.adobe.flascc::Console()
   com.adobe.flascc.preloader::DefaultPreloader/onPreloaderComplete()
# as3step
0xf0000058 in main (argc=0, argv=0x200ff0) at as3Commands.c:8
8	    double result = 0.0;
(*)global/C_Run::F_main()[IGNORE]
   global/C_Run::F__start1()[IGNORE]
   com.adobe.flascc::CModule$/callI()
   com.adobe.flascc::CModule$/start()
   com.adobe.flascc::CModule$/startAsync()
   com.adobe.flascc::Console/init()
   com.adobe.flascc::Console()
   com.adobe.flascc.preloader::DefaultPreloader/onPreloaderComplete()
# as3step
0xf0000059 in main (argc=0, argv=0x200ff0) at as3Commands.c:8
8	    double result = 0.0;
(*)global/C_Run::F_main()[IGNORE]
   global/C_Run::F__start1()[IGNORE]
   com.adobe.flascc::CModule$/callI()
   com.adobe.flascc::CModule$/start()
   com.adobe.flascc::CModule$/startAsync()
   com.adobe.flascc::Console/init()
   com.adobe.flascc::Console()
   com.adobe.flascc.preloader::DefaultPreloader/onPreloaderComplete()
# as3step
0xf000005a in main (argc=0, argv=0x200ff0) at as3Commands.c:8
8	    double result = 0.0;
(*)global/C_Run::F_main()[IGNORE]
   global/C_Run::F__start1()[IGNORE]
   com.adobe.flascc::CModule$/callI()
   com.adobe.flascc::CModule$/start()
   com.adobe.flascc::CModule$/startAsync()
   com.adobe.flascc::Console/init()
   com.adobe.flascc::Console()
   com.adobe.flascc.preloader::DefaultPreloader/onPreloaderComplete()
# as3step
0xf000005b in main (argc=0, argv=0x200ff0) at as3Commands.c:8
8	    double result = 0.0;
(*)global/C_Run::F_main()[IGNORE]
   global/C_Run::F__start1()[IGNORE]
   com.adobe.flascc::CModule$/callI()
   com.adobe.flascc::CModule$/start()
   com.adobe.flascc::CModule$/startAsync()
   com.adobe.flascc::Console/init()
   com.adobe.flascc::Console()
   com.adobe.flascc.preloader::DefaultPreloader/onPreloaderComplete()
# as3step
main (argc=0, argv=0x200ff0) at as3Commands.c:10
10	    inline_as3(
(*)global/C_Run::F_main()[IGNORE]
   global/C_Run::F__start1()[IGNORE]
   com.adobe.flascc::CModule$/callI()
   com.adobe.flascc::CModule$/start()
   com.adobe.flascc::CModule$/startAsync()
   com.adobe.flascc::Console/init()
   com.adobe.flascc::Console()
   com.adobe.flascc.preloader::DefaultPreloader/onPreloaderComplete()
# as3step
0xf000005d in main (argc=0, argv=0x200ff0) at as3Commands.c:10
10	    inline_as3(
(*)global/C_Run::F_main()[IGNORE]
   global/C_Run::F__start1()[IGNORE]
   com.adobe.flascc::CModule$/callI()
   com.adobe.flascc::CModule$/start()
   com.adobe.flascc::CModule$/startAsync()
   com.adobe.flascc::Console/init()
   com.adobe.flascc::Console()
   com.adobe.flascc.preloader::DefaultPreloader/onPreloaderComplete()
# as3step
0xf000005e in main (argc=0, argv=0x200ff0) at as3Commands.c:10
10	    inline_as3(
(*)global/C_Run::F_main()[IGNORE]
   global/C_Run::F__start1()[IGNORE]
   com.adobe.flascc::CModule$/callI()
   com.adobe.flascc::CModule$/start()
   com.adobe.flascc::CModule$/startAsync()
   com.adobe.flascc::Console/init()
   com.adobe.flascc::Console()
   com.adobe.flascc.preloader::DefaultPreloader/onPreloaderComplete()
# as3step
0xf000005f in main (argc=0, argv=0x200ff0) at as3Commands.c:10
10	    inline_as3(
(*)global/C_Run::F_main()[IGNORE]
   global/C_Run::F__start1()[IGNORE]
   com.adobe.flascc::CModule$/callI()
   com.adobe.flascc::CModule$/start()
   com.adobe.flascc::CModule$/startAsync()
   com.adobe.flascc::Console/init()
   com.adobe.flascc::Console()
   com.adobe.flascc.preloader::DefaultPreloader/onPreloaderComplete()
# as3step
0xf0000061 in main (argc=0, argv=0x200ff0) at as3Commands.c:10
10	    inline_as3(
(*)global/C_Run::F_main()[IGNORE]
   global/C_Run::F__start1()[IGNORE]
   com.adobe.flascc::CModule$/callI()
   com.adobe.flascc::CModule$/start()
   com.adobe.flascc::CModule$/startAsync()
   com.adobe.flascc::Console/init()
   com.adobe.flascc::Console()
   com.adobe.flascc.preloader::DefaultPreloader/onPreloaderComplete()
# as3step
0xf0000062 in main (argc=0, argv=0x200ff0) at as3Commands.c:10
10	    inline_as3(
(*)global/C_Run::F_main()[IGNORE]
   global/C_Run::F__start1()[IGNORE]
   com.adobe.flascc::CModule$/callI()
   com.adobe.flascc::CModule$/start()
   com.adobe.flascc::CModule$/startAsync()
   com.adobe.flascc::Console/init()
   com.adobe.flascc::Console()
   com.adobe.flascc.preloader::DefaultPreloader/onPreloaderComplete()
# as3step
0x00000000 in ?? ()
(*)ASFile$/getNumber()[IGNORE]
   global/C_Run::F_main()[IGNORE]
   global/C_Run::F__start1()[IGNORE]
   com.adobe.flascc::CModule$/callI()
   com.adobe.flascc::CModule$/start()
   com.adobe.flascc::CModule$/startAsync()
   com.adobe.flascc::Console/init()
   com.adobe.flascc::Console()
   com.adobe.flascc.preloader::DefaultPreloader/onPreloaderComplete()
# as3step
0x00000000 in ?? ()
(*)ASFile$/getNumber()[IGNORE]
   global/C_Run::F_main()[IGNORE]
   global/C_Run::F__start1()[IGNORE]
   com.adobe.flascc::CModule$/callI()
   com.adobe.flascc::CModule$/start()
   com.adobe.flascc::CModule$/startAsync()
   com.adobe.flascc::Console/init()
   com.adobe.flascc::Console()
   com.adobe.flascc.preloader::DefaultPreloader/onPreloaderComplete()
# as3step
0x00000000 in ?? ()
(*)ASFile$/getNumber()[IGNORE]
   global/C_Run::F_main()[IGNORE]
   global/C_Run::F__start1()[IGNORE]
   com.adobe.flascc::CModule$/callI()
   com.adobe.flascc::CModule$/start()
   com.adobe.flascc::CModule$/startAsync()
   com.adobe.flascc::Console/init()
   com.adobe.flascc::Console()
   com.adobe.flascc.preloader::DefaultPreloader/onPreloaderComplete()
# as3step
0x00000000 in ?? ()
(*)ASFile$/getNumberHelper()[IGNORE]
   ASFile$/getNumber()[IGNORE]
   global/C_Run::F_main()[IGNORE]
   global/C_Run::F__start1()[IGNORE]
   com.adobe.flascc::CModule$/callI()
   com.adobe.flascc::CModule$/start()
   com.adobe.flascc::CModule$/startAsync()
   com.adobe.flascc::Console/init()
   com.adobe.flascc::Console()
   com.adobe.flascc.preloader::DefaultPreloader/onPreloaderComplete()
# as3step
0x00000000 in ?? ()
(*)ASFile$/increment()[IGNORE]
   ASFile$/getNumberHelper()[IGNORE]
   ASFile$/getNumber()[IGNORE]
   global/C_Run::F_main()[IGNORE]
   global/C_Run::F__start1()[IGNORE]
   com.adobe.flascc::CModule$/callI()
   com.adobe.flascc::CModule$/start()
   com.adobe.flascc::CModule$/startAsync()
   com.adobe.flascc::Console/init()
   com.adobe.flascc::Console()
   com.adobe.flascc.preloader::DefaultPreloader/onPreloaderComplete()
# as3step
0x00000000 in ?? ()
(*)ASFile$/increment()[IGNORE]
   ASFile$/getNumberHelper()[IGNORE]
   ASFile$/getNumber()[IGNORE]
   global/C_Run::F_main()[IGNORE]
   global/C_Run::F__start1()[IGNORE]
   com.adobe.flascc::CModule$/callI()
   com.adobe.flascc::CModule$/start()
   com.adobe.flascc::CModule$/startAsync()
   com.adobe.flascc::Console/init()
   com.adobe.flascc::Console()
   com.adobe.flascc.preloader::DefaultPreloader/onPreloaderComplete()
# as3step
0x00000000 in ?? ()
(*)ASFile$/increment()[IGNORE]
   ASFile$/getNumberHelper()[IGNORE]
   ASFile$/getNumber()[IGNORE]
   global/C_Run::F_main()[IGNORE]
   global/C_Run::F__start1()[IGNORE]
   com.adobe.flascc::CModule$/callI()
   com.adobe.flascc::CModule$/start()
   com.adobe.flascc::CModule$/startAsync()
   com.adobe.flascc::Console/init()
   com.adobe.flascc::Console()
   com.adobe.flascc.preloader::DefaultPreloader/onPreloaderComplete()
# as3step
0x00000000 in ?? ()
(*)ASFile$/increment()[IGNORE]
   ASFile$/getNumberHelper()[IGNORE]
   ASFile$/getNumber()[IGNORE]
   global/C_Run::F_main()[IGNORE]
   global/C_Run::F__start1()[IGNORE]
   com.adobe.flascc::CModule$/callI()
   com.adobe.flascc::CModule$/start()
   com.adobe.flascc::CModule$/startAsync()
   com.adobe.flascc::Console/init()
   com.adobe.flascc::Console()
   com.adobe.flascc.preloader::DefaultPreloader/onPreloaderComplete()
Kill the program being debugged? (y or n) [answered Y; input not from terminal]
